You are in the middle of a room. Looking quickly around you, you see a cabinet 6, a cabinet 5, a cabinet 4, a cabinet 3, a cabinet 2, a cabinet 1, a coffeemachine 1, a countertop 3, a countertop 2, a countertop 1, a drawer 3, a drawer 2, a drawer 1, a fridge 1, a garbagecan 1, a microwave 1, a shelf 3, a shelf 2, a shelf 1, a sinkbasin 1, a stoveburner 4, a stoveburner 3, a stoveburner 2, a stoveburner 1, and a toaster 1.
Your task is to: put a cool mug in cabinet.
Act 1: think: To solve the task, I need to find and take a mug, then cool it with fridge, then put it in cabinet.
Obs 1: OK.
Act 2: think: First I need to find a mug. A mug is more likely to appear in countertop (1-3), coffeemachine (1), cabinet (1-6), shelf (1-3), drawer (1-3). I can check one by one, starting with countertop 1.
Obs 2: OK.
Act 3: go to countertop 1
Obs 3: On the countertop 1, you see a mug 3, a tomato 2, and a tomato 1.
Act 4: take mug 3 from countertop 1
Obs 4: You pick up the mug 3 from the countertop 1.
Act 5: think: Now I have a mug (3). Next, I need to go to a fridge (1) and cool it.
Obs 5: OK.
Act 6: go to fridge 1
Obs 6: The fridge 1 is closed.
Act 7: cool mug 3 with fridge 1
Obs 7: You cool the mug 3 using the fridge 1.
Act 8: think: Now I have a cool mug (3). Next, I need to put it in/on a cabinet.
Obs 8: OK.
Act 9: go to cabinet 1
Obs 9: On the cabinet 1, you see a peppershaker 1, a soapbottle 1, and a vase 2.
Act 10: put mug 3 in/on cabinet 1
Obs 10: You put the mug 3 in/on the cabinet 1.
Result: Task Success!
