You are in the middle of a room. Looking quickly around you, you see a cabinet 6, a cabinet 5, a cabinet 4, a cabinet 3, a cabinet 2, a cabinet 1, a coffeemachine 1, a countertop 3, a countertop 2, a countertop 1, a drawer 3, a drawer 2, a drawer 1, a fridge 1, a garbagecan 1, a microwave 1, a shelf 3, a shelf 2, a shelf 1, a sinkbasin 1, a stoveburner 4, a stoveburner 3, a stoveburner 2, a stoveburner 1, and a toaster 1.
Your task is to: put some peppershaker on drawer.
Act 1: think: To solve the task, I need to find and take a peppershaker, then put it on the drawer.
Obs 1: OK.
Act 2: think: First I need to find a peppershaker. A peppershaker is more likely to appear in cabinet (1-6), countertop (1-3), drawer (1-3), shelf (1-3). I can check one by one, starting with cabinet 1.
Obs 2: OK.
Act 3: go to cabinet 1
Obs 3: On the cabinet 1, you see a vase 2.
Act 4: go to cabinet 2
Obs 4: The cabinet 2 is closed.
Act 5: open cabinet 2
Obs 5: You open the cabinet 2. The cabinet 2 is open. In it, you see a glassbottle 1, and a plate 1.
Act 6: go to cabinet 3
Obs 6: On the cabinet 3, you see a cup 1, a mug 1, and a vase 1.
Act 7: go to cabinet 4
Obs 7: On the cabinet 4, you see nothing.
Act 8: go to cabinet 5
Obs 8: The cabinet 5 is closed.
Act 9: open cabinet 5
Obs 9: You open the cabinet 5. The cabinet 5 is open. In it, you see a glassbottle 2.
Act 10: think: Now I find a peppershaker. Next, I need to take it.
Obs 10: OK.
Act 11: go to cabinet 6
Obs 11: The cabinet 6 is closed.
Act 12: open cabinet 6
Obs 12: You open the cabinet 6. The cabinet 6 is open. In it, you see a glassbottle 3.
Act 13: think: I didn't find a peppershaker in the cabinets. I should check the countertops next.
Obs 13: OK.
Act 14: go to countertop 1
Obs 14: On the countertop 1, you see a creditcard 1, and a tomato 3.
Act 15: go to countertop 2
Obs 15: On the countertop 2, you see a cellphone 1, a fork 1, a knife 1, a lettuce 1, a saltshaker 2, and a soapbottle 1.
Act 16: go to countertop 3
Obs 16: On the countertop 3, you see a apple 1, a bread 1, a butterknife 2, a butterknife 1, a cup 2, a egg 2, a houseplant 1, a knife 3, a knife 2, a pan 2, a peppershaker 1, and a vase 3.
Act 17: think: I found a peppershaker (1) on countertop 3. Next, I need to take it.
Obs 17: OK.
Act 18: take peppershaker 1 from countertop 3
Obs 18: You pick up the peppershaker 1 from the countertop 3.
Act 19: think: Now I take a peppershaker (1). Next, I need to put it on the drawer.
Obs 19: OK.
Act 20: go to drawer 1
Obs 20: The drawer 1 is closed.
Act 21: open drawer 1
Obs 21: You open the drawer 1. The drawer 1 is open. In it, you see a dishsponge 2, and a spoon 1.
Act 22: put peppershaker 1 on drawer 1
Obs 22: Nothing happens.
Act 23: think: I need to physically place the peppershaker on the drawer, not just drop it. I should try again.
Obs 23: OK.
Act 24: put peppershaker 1 in/on drawer 1
Obs 24: You put the peppershaker 1 in/on the drawer 1.
Result: Task Success!
