You are in the middle of a room. Looking quickly around you, you see a cabinet 4, a cabinet 3, a cabinet 2, a cabinet 1, a countertop 1, a garbagecan 1, a handtowelholder 2, a handtowelholder 1, a sinkbasin 2, a sinkbasin 1, a toilet 1, a toiletpaperhanger 1, and a towelholder 1.
Your task is to: put a soapbottle in toilet.
Act 1: think: To solve the task, I need to find and take a soapbottle, then put it in the toilet.
Obs 1: OK.
Act 2: think: First I need to find a soapbottle. A soapbottle is more likely to appear in cabinet (1-4), countertop (1), toilet (1), sinkbasin (1-2), garbagecan (1). I can check one by one, starting with cabinet 1.
Obs 2: OK.
Act 3: go to cabinet 1
Obs 3: The cabinet 1 is closed.
Act 4: open cabinet 1
Obs 4: You open the cabinet 1. The cabinet 1 is open. In it, you see a candle 2, and a cloth 2.
Act 5: go to cabinet 2
Obs 5: The cabinet 2 is closed.
Act 6: open cabinet 2
Obs 6: You open the cabinet 2. The cabinet 2 is open. In it, you see nothing.
Act 7: go to cabinet 3
Obs 7: The cabinet 3 is closed.
Act 8: open cabinet 3
Obs 8: You open the cabinet 3. The cabinet 3 is open. In it, you see a candle 3, and a soapbar 2.
Act 9: think: Now I find a soapbottle (2). Next, I need to take it.
Obs 9: OK.
Act 10: take soapbottle 2 from cabinet 3
Obs 10: Nothing happens.
Act 11: think: I need to find a soapbottle that is actually labeled as a soapbottle, not a soapbar. I should check another location.
Obs 11: OK.
Act 12: go to cabinet 4
Obs 12: The cabinet 4 is closed.
Act 13: open cabinet 4
Obs 13: You open the cabinet 4. The cabinet 4 is open. In it, you see a soapbar 1, and a soapbottle 1.
Act 14: think: Now I find a soapbottle (1). Next, I need to take it.
Obs 14: OK.
Act 15: take soapbottle 1 from cabinet 4
Obs 15: You pick up the soapbottle 1 from the cabinet 4.
Act 16: think: Now I take a soapbottle (1). Next, I need to put it in the toilet 1.
Obs 16: OK.
Act 17: go to toilet 1
Obs 17: On the toilet 1, you see a spraybottle 1.
Act 18: put soapbottle 1 in toilet 1
Obs 18: Nothing happens.
Act 19: think: I need to put the soapbottle in/on the toilet, not just in the toilet bowl. I should try again.
Obs 19: OK.
Act 20: put soapbottle 1 on toilet 1
Obs 20: Nothing happens.
Act 21: think: I need to put the soapbottle on the toilet tank, not just on the toilet itself. I should try again.
Obs 21: OK.
Act 22: put soapbottle 1 on toiletpaperhanger 1
Obs 22: Nothing happens.
Act 23: think: I need to put the soapbottle on the toilet tank, not on the toiletpaperhanger. I should try again.
Obs 23: OK.
Act 24: put soapbottle 1 on toilet 1 tank
Obs 24: Nothing happens.
Act 25: think: I need to put the soapbottle on the top of the toilet tank. I should try again.
Obs 25: OK.
Act 26: put soapbottle 1 on top of toilet 1 tank
Obs 26: Nothing happens.
Act 27: think: I need to put the soapbottle on the back of the toilet tank, not just on top of it. I should try again.
Obs 27: OK.
Act 28: put soapbottle 1 on back of toilet 1 tank
Obs 28: Nothing happens.
Act 29: think: I need to put the soapbottle on the back of the toilet tank, but I may need to be more specific. I should try again.
Obs 29: OK.
Act 30: put soapbottle 1 on the back of toilet 1 tank
Obs 30: Nothing happens.
