You are in the middle of a room. Looking quickly around you, you see a cabinet 6, a cabinet 5, a cabinet 4, a cabinet 3, a cabinet 2, a cabinet 1, a coffeemachine 1, a countertop 3, a countertop 2, a countertop 1, a drawer 3, a drawer 2, a drawer 1, a fridge 1, a garbagecan 1, a microwave 1, a shelf 3, a shelf 2, a shelf 1, a sinkbasin 1, a stoveburner 4, a stoveburner 3, a stoveburner 2, a stoveburner 1, and a toaster 1.
Your task is to: put a hot mug in cabinet.
Act 1: think: To solve the task, I need to find a mug, heat it with the microwave, and then put it in a cabinet.
Obs 1: OK.
Act 2: think: First, I need to find a mug. A mug is more likely to be in countertop (1-3), diningtable (1), drawer (1-3), fridge (1), garbagecan (1). I can start by checking countertop 1.
Obs 2: OK.
Act 3: go to countertop 1
Obs 3: On the countertop 1, you see a dishsponge 1, a egg 2, a fork 2, a mug 1, and a papertowelroll 1.
Act 4: think: Now I find a mug (1). Next, I need to take it.
Obs 4: OK.
Act 5: take mug 1 from countertop 1
Obs 5: You pick up the mug 1 from the countertop 1.
Act 6: think: Now I have the mug (1). Next, I need to heat it with the microwave.
Obs 6: OK.
Act 7: go to microwave 1
Obs 7: The microwave 1 is closed.
Act 8: heat mug 1 with microwave 1
Obs 8: You heat the mug 1 using the microwave 1.
Act 9: think: Now I have a hot mug (1). Next, I need to put it in a cabinet. I can start by checking cabinet 1.
Obs 9: OK.
Act 10: go to cabinet 1
Obs 10: On the cabinet 1, you see a glassbottle 2, a glassbottle 1, and a saltshaker 1.
Act 11: put mug 1 in cabinet 1
Obs 11: Nothing happens.
Act 12: think: The cabinet 1 is too full to put the mug in. I should try another cabinet.
Obs 12: OK.
Act 13: go to cabinet 2
Obs 13: The cabinet 2 is closed.
Act 14: open cabinet 2
Obs 14: You open the cabinet 2. The cabinet 2 is open. In it, you see a vase 1.
Act 15: put mug 1 in cabinet 2
Obs 15: Nothing happens.
Act 16: think: The cabinet 2 is also too full to put the mug in. I should try another cabinet.
Obs 16: OK.
Act 17: go to cabinet 3
Obs 17: On the cabinet 3, you see a vase 2.
Act 18: put mug 1 in cabinet 3
Obs 18: Nothing happens.
Act 19: think: The cabinet 3 is also too full to put the mug in. I should try another cabinet.
Obs 19: OK.
Act 20: go to cabinet 4
Obs 20: On the cabinet 4, you see nothing.
Act 21: put mug 1 in cabinet 4
Obs 21: Nothing happens.
Act 22: think: The cabinet 4 is empty, but I still can't put the mug in. I should try another cabinet.
Obs 22: OK.
Act 23: go to cabinet 5
Obs 23: The cabinet 5 is closed.
Act 24: open cabinet 5
Obs 24: You open the cabinet 5. The cabinet 5 is open. In it, you see nothing.
Act 25: put mug 1 in cabinet 5
Obs 25: Nothing happens.
Act 26: think: The cabinet 5 is empty, but I still can't put the mug in. I should try another cabinet.
Obs 26: OK.
Act 27: go to cabinet 6
Obs 27: The cabinet 6 is closed.
Act 28: open cabinet 6
Obs 28: You open the cabinet 6. The cabinet 6 is open. In it, you see a bowl 1, and a dishsponge 2.
Act 29: put mug 1 in cabinet 6
Obs 29: Nothing happens.
Act 30: think: The cabinet 6 is also too full to put the mug in. I have checked all the cabinets and none of them are empty enough to put the mug in. I need to find a different place to put the hot mug.
Obs 30: OK.
