You are in the middle of a room. Looking quickly around you, you see a cabinet 6, a cabinet 5, a cabinet 4, a cabinet 3, a cabinet 2, a cabinet 1, a coffeemachine 1, a countertop 3, a countertop 2, a countertop 1, a drawer 3, a drawer 2, a drawer 1, a fridge 1, a garbagecan 1, a microwave 1, a shelf 3, a shelf 2, a shelf 1, a sinkbasin 1, a stoveburner 4, a stoveburner 3, a stoveburner 2, a stoveburner 1, and a toaster 1.
Your task is to: put a clean spatula in drawer.
Act 1: think: To solve the task, I need to find and take a spatula, then clean it with sinkbasin, then put it in the drawer.
Obs 1: OK.
Act 2: think: First I need to find a spatula. A spatula is more likely to appear in countertop (1-3), drawer (1-3), sinkbasin (1), stoveburner (1-4). I can check one by one, starting with countertop 1.
Obs 2: OK.
Act 3: go to countertop 1
Obs 3: On the countertop 1, you see a cellphone 2, a mug 1, and a soapbottle 1.
Act 4: go to countertop 2
Obs 4: On the countertop 2, you see a butterknife 1, a glassbottle 3, a knife 1, a papertowelroll 1, a potato 1, and a statue 1.
Act 5: go to countertop 3
Obs 5: On the countertop 3, you see a bread 1, a creditcard 1, a houseplant 1, a knife 2, a spatula 1, a spoon 1, and a statue 2.
Act 6: take spatula 1 from countertop 3
Obs 6: You pick up the spatula 1 from the countertop 3.
Act 7: think: Now I take a spatula (1). Next, I need to go to sinkbasin (1) and clean it.
Obs 7: OK.
Act 8: go to sinkbasin 1
Obs 8: On the sinkbasin 1, you see a apple 1, a butterknife 2, a potato 3, and a tomato 2.
Act 9: clean spatula 1 with sinkbasin 1
Obs 9: You clean the spatula 1 using the sinkbasin 1.
Act 10: think: Now I clean a spatula (1). Next, I need to put it in/on the drawer.
Obs 10: OK.
Act 11: go to drawer 1
Obs 11: The drawer 1 is closed.
Act 12: open drawer 1
Obs 12: You open the drawer 1. The drawer 1 is open. In it, you see a fork 1.
Act 13: put spatula 1 in/on drawer 1
Obs 13: You put the spatula 1 in/on the drawer 1.
Result: Task Success!
