You are in the middle of a room. Looking quickly around you, you see a cabinet 6, a cabinet 5, a cabinet 4, a cabinet 3, a cabinet 2, a cabinet 1, a coffeemachine 1, a countertop 3, a countertop 2, a countertop 1, a drawer 3, a drawer 2, a drawer 1, a fridge 1, a garbagecan 1, a microwave 1, a shelf 3, a shelf 2, a shelf 1, a sinkbasin 1, a stoveburner 4, a stoveburner 3, a stoveburner 2, a stoveburner 1, and a toaster 1.
Your task is to: put a cool tomato in microwave.
Act 1: think: To solve the task, I need to find and take a tomato, then cool it with fridge, then put it in microwave.
Obs 1: OK.
Act 2: think: First I need to find a tomato. A tomato is more likely to appear in countertop (1-3), fridge (1), shelf (1-3), drawer (1-3). I can check one by one, starting with countertop 1.
Obs 2: OK.
Act 3: go to countertop 1
Obs 3: On the countertop 1, you see a mug 1, and a saltshaker 1.
Act 4: go to countertop 2
Obs 4: On the countertop 2, you see a butterknife 2, a butterknife 1, a cellphone 1, a glassbottle 1, a knife 1, a lettuce 3, a peppershaker 1, a statue 2, a statue 1, and a vase 1.
Act 5: go to countertop 3
Obs 5: On the countertop 3, you see a bread 1, a butterknife 3, a creditcard 2, a houseplant 1, a knife 3, a knife 2, a mug 2, a peppershaker 2, and a spatula 2.
Act 6: go to fridge 1
Obs 6: The fridge 1 is closed.
Act 7: open fridge 1
Obs 7: You open the fridge 1. The fridge 1 is open. In it, you see a bowl 2, a bowl 1, a egg 1, a lettuce 2, a lettuce 1, a potato 2, and a potato 1.
Act 8: take tomato 1 from fridge 1
Obs 8: Nothing happens.
Act 9: think: It seems there is no tomato in the fridge. I should check another location.
Obs 9: OK.
Act 10: go to shelf 1
Obs 10: On the shelf 1, you see a creditcard 1, and a dishsponge 2.
Act 11: go to shelf 2
Obs 11: On the shelf 2, you see a papertowelroll 1, and a vase 3.
Act 12: go to shelf 3
Obs 12: On the shelf 3, you see nothing.
Act 13: go to drawer 1
Obs 13: The drawer 1 is closed.
Act 14: open drawer 1
Obs 14: You open the drawer 1. The drawer 1 is open. In it, you see a cellphone 2.
Act 15: go to drawer 2
Obs 15: The drawer 2 is closed.
Act 16: open drawer 2
Obs 16: You open the drawer 2. The drawer 2 is open. In it, you see a saltshaker 2, a spoon 2, and a spoon 1.
Act 17: go to drawer 3
Obs 17: The drawer 3 is closed.
Act 18: open drawer 3
Obs 18: You open the drawer 3. The drawer 3 is open. In it, you see a saltshaker 3.
Act 19: go to countertop 1
Obs 19: On the countertop 1, you see a mug 1, and a saltshaker 1.
Act 20: take tomato 1 from countertop 1
Obs 20: Nothing happens.
Act 21: think: It seems there is no tomato on the countertop. I should check another location.
Obs 21: OK.
Act 22: go to countertop 2
Obs 22: On the countertop 2, you see a butterknife 2, a butterknife 1, a cellphone 1, a glassbottle 1, a knife 1, a lettuce 3, a peppershaker 1, a statue 2, a statue 1, and a vase 1.
Act 23: take tomato 1 from countertop 2
Obs 23: Nothing happens.
Act 24: think: It seems there is no tomato on countertop 2. I should check another location.
Obs 24: OK.
Act 25: go to countertop 3
Obs 25: On the countertop 3, you see a bread 1, a butterknife 3, a creditcard 2, a houseplant 1, a knife 3, a knife 2, a mug 2, a peppershaker 2, and a spatula 2.
Act 26: take tomato 1 from countertop 3
Obs 26: Nothing happens.
Act 27: think: It seems there is no tomato on the countertop 3. I should check another location.
Obs 27: OK.
Act 28: go to shelf 1
Obs 28: On the shelf 1, you see a creditcard 1, and a dishsponge 2.
Act 29: go to shelf 2
Obs 29: On the shelf 2, you see a papertowelroll 1, and a vase 3.
Act 30: go to shelf 3
Obs 30: On the shelf 3, you see nothing.
