You are in the middle of a room. Looking quickly around you, you see a cabinet 4, a cabinet 3, a cabinet 2, a cabinet 1, a countertop 1, a garbagecan 1, a handtowelholder 2, a handtowelholder 1, a sinkbasin 2, a sinkbasin 1, a toilet 1, a toiletpaperhanger 1, and a towelholder 1.
Your task is to: clean some soapbar and put it in countertop.
Act 1: think: To solve the task, I need to find and take a soapbar, then clean it with sinkbasin, then put it in countertop.
Obs 1: OK.
Act 2: think: First I need to find a soapbar. A soapbar is more likely to appear in sinkbasin (1-2), countertop (1), garbagecan (1), cabinet (1-4), handtowelholder (1-2), toilet (1), toiletpaperhanger (1), towelholder (1). I can check one by one, starting with sinkbasin 1.
Obs 2: OK.
Act 3: go to sinkbasin 1
Obs 3: On the sinkbasin 1, you see nothing.
Act 4: go to sinkbasin 2
Obs 4: On the sinkbasin 2, you see nothing.
Act 5: go to countertop 1
Obs 5: On the countertop 1, you see a soapbar 1, and a spraybottle 1.
Act 6: take soapbar 1 from countertop 1
Obs 6: You pick up the soapbar 1 from the countertop 1.
Act 7: think: Now I take a soapbar (1). Next, I need to go to sinkbasin (1) and clean it.
Obs 7: OK.
Act 8: go to sinkbasin 1
Obs 8: On the sinkbasin 1, you see nothing.
Act 9: go to sinkbasin 2
Obs 9: On the sinkbasin 2, you see nothing.
Act 10: think: I need to clean the soapbar (1) with the sinkbasin (1), but the sinkbasin (1) is empty. I need to find another way to clean the soapbar (1).
Obs 10: OK.
Act 11: go to toilet 1
Obs 11: On the toilet 1, you see a soapbar 2, and a soapbottle 2.
Act 12: take soapbar 2 from toilet 1
Obs 12: Nothing happens.
Act 13: think: I cannot take the soapbar (2) from the toilet (1). I need to find another way to clean the soapbar (1).
Obs 13: OK.
Act 14: go to cabinet 1
Obs 14: The cabinet 1 is closed.
Act 15: open cabinet 1
Obs 15: You open the cabinet 1. The cabinet 1 is open. In it, you see a cloth 1.
Act 16: go to cabinet 2
Obs 16: The cabinet 2 is closed.
Act 17: open cabinet 2
Obs 17: You open the cabinet 2. The cabinet 2 is open. In it, you see nothing.
Act 18: go to cabinet 3
Obs 18: The cabinet 3 is closed.
Act 19: open cabinet 3
Obs 19: You open the cabinet 3. The cabinet 3 is open. In it, you see a candle 1, and a toiletpaper 3.
Act 20: go to cabinet 4
Obs 20: The cabinet 4 is closed.
Act 21: open cabinet 4
Obs 21: You open the cabinet 4. The cabinet 4 is open. In it, you see a soapbottle 1, and a toiletpaper 2.
Act 22: take soapbottle 1 from cabinet 4
Obs 22: Nothing happens.
Act 23: think: I cannot take the soapbottle (1) from the cabinet (4). I need to find another way to clean the soapbar (1).
Obs 23: OK.
Act 24: go to handtowelholder 1
Obs 24: On the handtowelholder 1, you see a handtowel 1.
Act 25: take handtowel 1 from handtowelholder 1
Obs 25: Nothing happens.
Act 26: think: I cannot take the handtowel (1) from the handtowelholder (1). I need to find another way to clean the soapbar (1).
Obs 26: OK.
Act 27: go to towelholder 1
Obs 27: On the towelholder 1, you see a towel 1.
Act 28: take towel 1 from towelholder 1
Obs 28: Nothing happens.
Act 29: think: I cannot take the towel (1) from the towelholder (1). I need to find another way to clean the soapbar (1).
Obs 29: OK.
Act 30: go to handtowelholder 2
Obs 30: On the handtowelholder 2, you see nothing.
