You are in the middle of a room. Looking quickly around you, you see a cabinet 6, a cabinet 5, a cabinet 4, a cabinet 3, a cabinet 2, a cabinet 1, a coffeemachine 1, a countertop 3, a countertop 2, a countertop 1, a drawer 3, a drawer 2, a drawer 1, a fridge 1, a garbagecan 1, a microwave 1, a shelf 3, a shelf 2, a shelf 1, a sinkbasin 1, a stoveburner 4, a stoveburner 3, a stoveburner 2, a stoveburner 1, and a toaster 1.
Your task is to: put a clean plate in countertop.
Act 1: think: To solve the task, I need to find and take a plate, then clean it with sinkbasin, then put it in countertop.
Obs 1: OK.
Act 2: think: First I need to find a plate. A plate is more likely to appear in countertop (1-3), drawer (1-3), cabinet (1-6), shelf (1-3). I can check one by one, starting with countertop 1.
Obs 2: OK.
Act 3: go to countertop 1
Obs 3: On the countertop 1, you see a apple 2, a dishsponge 2, a potato 3, and a potato 2.
Act 4: go to countertop 2
Obs 4: On the countertop 2, you see a bread 1, a cellphone 2, a cellphone 1, a papertowelroll 1, a plate 2, and a soapbottle 1.
Act 5: take plate 2 from countertop 2
Obs 5: You pick up the plate 2 from the countertop 2.
Act 6: think: Now I take a plate (2). Next, I need to go to sinkbasin (1) and clean it.
Obs 6: OK.
Act 7: go to sinkbasin 1
Obs 7: On the sinkbasin 1, you see nothing.
Act 8: think: I need to find some soap to clean the plate. Soap is more likely to appear in countertop (1-3), drawer (1-3), cabinet (1-6), shelf (1-3). I can check one by one, starting with countertop 1.
Obs 8: OK.
Act 9: go to countertop 1
Obs 9: On the countertop 1, you see a apple 2, a dishsponge 2, a potato 3, and a potato 2.
Act 10: take soapbottle 1 from countertop 1
Obs 10: Nothing happens.
Act 11: take soapbottle 1 from countertop 1
Obs 11: Nothing happens.
Act 12: take soapbottle 1 from countertop 1
Obs 12: Nothing happens.
Act 13: take soapbottle 1 from countertop 1
Obs 13: Nothing happens.
Act 14: take soapbottle 1 from countertop 1
Obs 14: Nothing happens.
Act 15: take soapbottle 1 from countertop 1
Obs 15: Nothing happens.
Act 16: take soapbottle 1 from countertop 1
Obs 16: Nothing happens.
Act 17: take soapbottle 1 from countertop 1
Obs 17: Nothing happens.
Act 18: take soapbottle 1 from countertop 1
Obs 18: Nothing happens.
Act 19: take soapbottle 1 from countertop 1
Obs 19: Nothing happens.
Act 20: take soapbottle 1 from countertop 1
Obs 20: Nothing happens.
Act 21: take soapbottle 1 from countertop 1
Obs 21: Nothing happens.
Act 22: take soapbottle 1 from countertop 1
Obs 22: Nothing happens.
Act 23: take soapbottle 1 from countertop 1
Obs 23: Nothing happens.
Act 24: take soapbottle 1 from countertop 1
Obs 24: Nothing happens.
Act 25: take soapbottle 1 from countertop 1
Obs 25: Nothing happens.
Act 26: take soapbottle 1 from countertop 1
Obs 26: Nothing happens.
Act 27: take soapbottle 1 from countertop 1
Obs 27: Nothing happens.
Act 28: take soapbottle 1 from countertop 1
Obs 28: Nothing happens.
Act 29: take soapbottle 1 from countertop 1
Obs 29: Nothing happens.
Act 30: take soapbottle 1 from countertop 1
Obs 30: Nothing happens.
