You are in the middle of a room. Looking quickly around you, you see a cabinet 6, a cabinet 5, a cabinet 4, a cabinet 3, a cabinet 2, a cabinet 1, a coffeemachine 1, a countertop 3, a countertop 2, a countertop 1, a drawer 3, a drawer 2, a drawer 1, a fridge 1, a garbagecan 1, a microwave 1, a shelf 3, a shelf 2, a shelf 1, a sinkbasin 1, a stoveburner 4, a stoveburner 3, a stoveburner 2, a stoveburner 1, and a toaster 1.
Your task is to: put a clean plate in countertop.
Act 1: think: To solve the task, I need to find and take a plate, then clean it with sinkbasin, then put it in countertop.
Obs 1: OK.
Act 2: think: First I need to find a plate. A plate is more likely to appear in cabinets (1-6), drawers (1-3), countertops (1-3), diningtable (if present), or sinkbasin (1). I can check one by one, starting with cabinet 1.
Obs 2: OK.
Act 3: go to cabinet 1
Obs 3: On the cabinet 1, you see a plate 1.
Act 4: think: Now I find a plate (1). Next, I need to take it.
Obs 4: OK.
Act 5: take plate 1 from cabinet 1
Obs 5: You pick up the plate 1 from the cabinet 1.
Act 6: think: Now I take a plate (1). Next, I need to go to sinkbasin (1) and clean it.
Obs 6: OK.
Act 7: go to sinkbasin 1
Obs 7: On the sinkbasin 1, you see nothing.
Act 8: clean plate 1 with sinkbasin 1
Obs 8: You clean the plate 1 using the sinkbasin 1.
Act 9: think: Now I clean a plate (1). Next, I need to put it in/on countertop 1.
Obs 9: OK.
Act 10: go to countertop 1
Obs 10: On the countertop 1, you see a apple 2, a dishsponge 2, a potato 3, and a potato 2.
Act 11: put plate 1 in/on countertop 1
Obs 11: You put the plate 1 in/on the countertop 1.
Result: Task Success!
