You are in the middle of a room. Looking quickly around you, you see a bed 1, a desk 2, a desk 1, a drawer 6, a drawer 5, a drawer 4, a drawer 3, a drawer 2, a drawer 1, a garbagecan 1, a laundryhamper 1, a safe 1, a shelf 6, a shelf 5, a shelf 4, a shelf 3, a shelf 2, and a shelf 1.
Your task is to: examine the alarmclock with the desklamp.
Act 1: think: To solve the task, I need to find and take an alarmclock, then find and use a desklamp. First I need to find an alarmclock. An alarmclock is more likely to appear in drawer (1-6), desk (1-2), shelf (1-6), sidetable (if present), bed (1), garbagecan (1), laundryhamper (1), safe (1). I can check one by one, starting with drawer 1.
Obs 1: OK.
Act 2: go to drawer 1
Obs 2: The drawer 1 is closed.
Act 3: open drawer 1
Obs 3: You open the drawer 1. The drawer 1 is open. In it, you see a creditcard 1, and a pen 2.
Act 4: go to drawer 2
Obs 4: On the drawer 2, you see nothing.
Act 5: go to drawer 3
Obs 5: Nothing happens.
Act 6: go to drawer 3
Obs 6: Nothing happens.
Act 7: go to drawer 3
Obs 7: Nothing happens.
Act 8: go to drawer 3
Obs 8: Nothing happens.
Act 9: go to drawer 3
Obs 9: Nothing happens.
Act 10: go to drawer 4
Obs 10: The drawer 4 is closed.
Act 11: open drawer 4
Obs 11: You open the drawer 4. The drawer 4 is open. In it, you see nothing.
Act 12: go to drawer 5
Obs 12: On the drawer 5, you see nothing.
Act 13: go to drawer 6
Obs 13: The drawer 6 is closed.
Act 14: open drawer 6
Obs 14: You open the drawer 6. The drawer 6 is open. In it, you see nothing.
Act 15: go to desk 1
Obs 15: On the desk 1, you see a bowl 1, a desklamp 1, a mug 1, and a pencil 1.
Act 16: go to desk 2
Obs 16: On the desk 2, you see a alarmclock 1.
Act 17: think: Now I find an alarmclock (1). Next, I need to take it.
Obs 17: OK.
Act 18: take alarmclock 1 from desk 2
Obs 18: You pick up the alarmclock 1 from the desk 2.
Act 19: think: Now I have an alarmclock (1). Next, I need to find a desklamp. A desklamp is more likely to appear in desk (1-2), shelf (1-6), drawer (1-6), bed (1), garbagecan (1), laundryhamper (1), safe (1). I can check one by one, starting with desk 1.
Obs 19: OK.
Act 20: go to desk 1
Obs 20: On the desk 1, you see a bowl 1, a desklamp 1, a mug 1, and a pencil 1.
Act 21: think: Now I find a desklamp (1). Next, I need to use it.
Obs 21: OK.
Act 22: use desklamp 1
Obs 22: You turn on the desklamp 1.
Result: Task Success!
