You are in the middle of a room. Looking quickly around you, you see a cabinet 4, a cabinet 3, a cabinet 2, a cabinet 1, a countertop 1, a garbagecan 1, a handtowelholder 2, a handtowelholder 1, a sinkbasin 2, a sinkbasin 1, a toilet 1, a toiletpaperhanger 1, and a towelholder 1.
Your task is to: clean some cloth and put it in cabinet.
Act 1: think: To solve the task, I need to find and take a cloth, then clean it with sinkbasin, then put it in the cabinet.
Obs 1: OK.
Act 2: think: First I need to find a cloth. A cloth is more likely to appear in sinkbasin (1-2), handtowelholder (1-2), towelholder (1), countertop (1), and cabinet (1-4). I can check one by one, starting with sinkbasin 1.
Obs 2: OK.
Act 3: go to sinkbasin 1
Obs 3: On the sinkbasin 1, you see nothing.
Act 4: go to sinkbasin 2
Obs 4: On the sinkbasin 2, you see nothing.
Act 5: go to handtowelholder 1
Obs 5: On the handtowelholder 1, you see a handtowel 1.
Act 6: take cloth 1 from handtowelholder 1
Obs 6: Nothing happens.
Act 7: pick up handtowel 1 from handtowelholder 1
Obs 7: Nothing happens.
Act 8: take handtowel 1 from handtowelholder 1
Obs 8: You pick up the handtowel 1 from the handtowelholder 1.
Act 9: think: Now I take a handtowel (1). Next, I need to go to sinkbasin (1) and clean it.
Obs 9: OK.
Act 10: go to sinkbasin 1
Obs 10: On the sinkbasin 1, you see nothing.
Act 11: go to sinkbasin 2
Obs 11: On the sinkbasin 2, you see nothing.
Act 12: clean handtowel 1 with sinkbasin 1
Obs 12: Nothing happens.
Act 13: clean handtowel 1 with sinkbasin 2
Obs 13: Nothing happens.
Act 14: think: It seems like I can't clean the handtowel in the sinkbasin. I should try another method.
Obs 14: OK.
Act 15: clean handtowel 1 with toiletpaperhanger 1
Obs 15: Nothing happens.
Act 16: clean handtowel 1 with toilet 1
Obs 16: Nothing happens.
Act 17: clean handtowel 1 with towelholder 1
Obs 17: Nothing happens.
Act 18: clean handtowel 1 with handtowelholder 1
Obs 18: Nothing happens.
Act 19: clean handtowel 1 with countertop 1
Obs 19: Nothing happens.
Act 20: clean handtowel 1 with garbagecan 1
Obs 20: Nothing happens.
Act 21: clean handtowel 1 with handtowel 1
Obs 21: Nothing happens.
Act 22: clean handtowel 1 with handtowel 1
Obs 22: Nothing happens.
Act 23: clean handtowel 1 with handtowel 1
Obs 23: Nothing happens.
Act 24: clean handtowel 1 with soap and water
Obs 24: Nothing happens.
Act 25: clean handtowel 1 with soap and water
Obs 25: Nothing happens.
Act 26: clean handtowel 1 with soap and water
Obs 26: Nothing happens.
Act 27: think: It seems like I can't clean the handtowel with any of the items in the room. I should try a different approach.
Obs 27: OK.
Act 28: put handtowel 1 in cabinet 1
Obs 28: Nothing happens.
Act 29: put handtowel 1 in cabinet 2
Obs 29: Nothing happens.
Act 30: put handtowel 1 in cabinet 3
Obs 30: Nothing happens.
