You are in the middle of a room. Looking quickly around you, you see a armchair 1, a cabinet 4, a cabinet 3, a cabinet 2, a cabinet 1, a drawer 5, a drawer 4, a drawer 3, a drawer 2, a drawer 1, a dresser 1, a garbagecan 1, a safe 1, a shelf 12, a shelf 11, a shelf 10, a shelf 9, a shelf 8, a shelf 7, a shelf 6, a shelf 5, a shelf 4, a shelf 3, a shelf 2, a shelf 1, a sidetable 1, and a sofa 1.
Your task is to: put some watch on safe.
Act 1: think: To solve the task, I need to find and take a watch, then put it in/on the safe 1.
Obs 1: OK.
Act 2: think: First I need to find a watch. A watch is more likely to appear in drawers (1-5), cabinets (1-4), dressers (1), shelves (1-12), sidetables (1), and safes (1). I can check one by one, starting with drawer 1.
Obs 2: OK.
Act 3: go to drawer 1
Obs 3: The drawer 1 is closed.
Act 4: open drawer 1
Obs 4: You open the drawer 1. The drawer 1 is open. In it, you see a watch 1.
Act 5: think: Now I find a watch (1). Next, I need to take it.
Obs 5: OK.
Act 6: take watch 1 from drawer 1
Obs 6: You pick up the watch 1 from the drawer 1.
Act 7: think: Now I have the watch (1). Next, I need to put it in/on the safe 1.
Obs 7: OK.
Act 8: go to safe 1
Obs 8: The safe 1 is closed.
Act 9: open safe 1
Obs 9: You open the safe 1. The safe 1 is open. In it, you see a vase 3, and a vase 2.
Act 10: put watch 1 in/on safe 1
Obs 10: You put the watch 1 in/on the safe 1.
Result: Task Success!
