You are in the middle of a room. Looking quickly around you, you see a cabinet 6, a cabinet 5, a cabinet 4, a cabinet 3, a cabinet 2, a cabinet 1, a coffeemachine 1, a countertop 3, a countertop 2, a countertop 1, a drawer 3, a drawer 2, a drawer 1, a fridge 1, a garbagecan 1, a microwave 1, a shelf 3, a shelf 2, a shelf 1, a sinkbasin 1, a stoveburner 4, a stoveburner 3, a stoveburner 2, a stoveburner 1, and a toaster 1.
Your task is to: cool some potato and put it in microwave.
Act 1: think: To solve the task, I need to find and take a potato, then cool it with the fridge, and put it in the microwave.
Obs 1: OK.
Act 2: think: First, I need to find a potato. A potato is more likely to appear in countertop (1-3), cabinet (1-6), drawer (1-3). I can check one by one, starting with countertop 1.
Obs 2: OK.
Act 3: go to countertop 1
Obs 3: On the countertop 1, you see a mug 2, a potato 1, a soapbottle 1, a spatula 1, and a spoon 1.
Act 4: take potato 1 from countertop 1
Obs 4: You pick up the potato 1 from the countertop 1.
Act 5: think: Now I have the potato (1). Next, I need to go to the fridge (1) and cool it.
Obs 5: OK.
Act 6: go to fridge 1
Obs 6: The fridge 1 is closed.
Act 7: cool potato 1 with fridge 1
Obs 7: You cool the potato 1 using the fridge 1.
Act 8: think: Now I have cooled the potato. Next, I need to put it in the microwave.
Obs 8: OK.
Act 9: go to microwave 1
Obs 9: The microwave 1 is closed.
Act 10: put potato 1 in/on microwave 1
Obs 10: Nothing happens.
Act 11: open microwave 1
Obs 11: You open the microwave 1. The microwave 1 is open. In it, you see a apple 1, and a mug 1.
Act 12: put potato 1 in/on microwave 1
Obs 12: You put the potato 1 in/on the microwave 1.
Result: Task Success!
