You are in the middle of a room. Looking quickly around you, you see a cabinet 6, a cabinet 5, a cabinet 4, a cabinet 3, a cabinet 2, a cabinet 1, a coffeemachine 1, a countertop 3, a countertop 2, a countertop 1, a drawer 3, a drawer 2, a drawer 1, a fridge 1, a garbagecan 1, a microwave 1, a shelf 3, a shelf 2, a shelf 1, a sinkbasin 1, a stoveburner 4, a stoveburner 3, a stoveburner 2, a stoveburner 1, and a toaster 1.
Your task is to: put a clean spatula in drawer.
Act 1: think: To solve the task, I need to find and take a spatula, then clean it with sinkbasin, then put it in drawer.
Obs 1: OK.
Act 2: think: First I need to find a spatula. A spatula is more likely to appear in countertop (1-3), drawer (1-3), sinkbasin (1), shelf (1-3). I can check one by one, starting with countertop 1.
Obs 2: OK.
Act 3: go to countertop 1
Obs 3: On the countertop 1, you see a cellphone 2, a mug 1, and a soapbottle 1.
Act 4: go to countertop 2
Obs 4: On the countertop 2, you see a butterknife 1, a glassbottle 3, a knife 1, a papertowelroll 1, a potato 1, and a statue 1.
Act 5: go to countertop 3
Obs 5: On the countertop 3, you see a bread 1, a creditcard 1, a houseplant 1, a knife 2, a spatula 1, a spoon 1, and a statue 2.
Act 6: go to sinkbasin 1
Obs 6: On the sinkbasin 1, you see a apple 1, a butterknife 2, a potato 3, and a tomato 2.
Act 7: take spatula 1 from countertop 3
Obs 7: Nothing happens.
Act 8: think: I need to find a spatula in a different location. Let me check the other options.
Obs 8: OK.
Act 9: go to drawer 1
Obs 9: The drawer 1 is closed.
Act 10: open drawer 1
Obs 10: You open the drawer 1. The drawer 1 is open. In it, you see a fork 1.
Act 11: go to drawer 2
Obs 11: The drawer 2 is closed.
Act 12: open drawer 2
Obs 12: You open the drawer 2. The drawer 2 is open. In it, you see a peppershaker 1, and a saltshaker 1.
Act 13: go to drawer 3
Obs 13: The drawer 3 is closed.
Act 14: open drawer 3
Obs 14: You open the drawer 3. The drawer 3 is open. In it, you see a cellphone 1.
Act 15: think: I couldn't find a spatula in the countertop or drawers. Let me check the shelf next.
Obs 15: OK.
Act 16: go to shelf 1
Obs 16: On the shelf 1, you see a peppershaker 2, and a vase 2.
Act 17: go to shelf 2
Obs 17: On the shelf 2, you see a dishsponge 1, and a plate 1.
Act 18: go to shelf 3
Obs 18: On the shelf 3, you see nothing.
Act 19: think: I couldn't find a spatula in the shelf either. Let me check the last location, the sinkbasin.
Obs 19: OK.
Act 20: go to sinkbasin 1
Obs 20: On the sinkbasin 1, you see a apple 1, a butterknife 2, a potato 3, and a tomato 2.
Act 21: take spatula 1 from sinkbasin 1
Obs 21: Nothing happens.
Act 22: think: I couldn't find a spatula in any of the locations I checked. Let me try a different approach.
Obs 22: OK.
Act 23: go to cabinet 1
Obs 23: On the cabinet 1, you see a glassbottle 2.
Act 24: take spatula 1 from cabinet 1
Obs 24: Nothing happens.
Act 25: think: I still couldn't find a spatula. Let me try another location.
Obs 25: OK.
Act 26: go to cabinet 2
Obs 26: The cabinet 2 is closed.
Act 27: open cabinet 2
Obs 27: You open the cabinet 2. The cabinet 2 is open. In it, you see a cup 1, and a glassbottle 1.
Act 28: take spatula 1 from cabinet 2
Obs 28: Nothing happens.
Act 29: think: I still couldn't find a spatula in the cabinets. Let me try the last one.
Obs 29: OK.
Act 30: go to cabinet 3
Obs 30: On the cabinet 3, you see a vase 1.
