You are in the middle of a room. Looking quickly around you, you see a armchair 1, a cabinet 4, a cabinet 3, a cabinet 2, a cabinet 1, a drawer 5, a drawer 4, a drawer 3, a drawer 2, a drawer 1, a dresser 1, a garbagecan 1, a safe 1, a shelf 12, a shelf 11, a shelf 10, a shelf 9, a shelf 8, a shelf 7, a shelf 6, a shelf 5, a shelf 4, a shelf 3, a shelf 2, a shelf 1, a sidetable 1, and a sofa 1.
Your task is to: put some watch on safe.
Act 1: think: To solve the task, I need to find and take a watch, then put it on the safe.
Obs 1: OK.
Act 2: think: First I need to find a watch. A watch is more likely to appear in a dresser (1), a drawer (1-5), or on a shelf (1-12). I can start by checking the dresser 1.
Obs 2: OK.
Act 3: go to dresser 1
Obs 3: On the dresser 1, you see a cellphone 1, a newspaper 1, a remotecontrol 1, and a statue 1.
Act 4: go to drawer 1
Obs 4: The drawer 1 is closed.
Act 5: open drawer 1
Obs 5: You open the drawer 1. The drawer 1 is open. In it, you see nothing.
Act 6: go to drawer 2
Obs 6: The drawer 2 is closed.
Act 7: open drawer 2
Obs 7: You open the drawer 2. The drawer 2 is open. In it, you see nothing.
Act 8: go to drawer 3
Obs 8: The drawer 3 is closed.
Act 9: open drawer 3
Obs 9: You open the drawer 3. The drawer 3 is open. In it, you see nothing.
Act 10: go to drawer 4
Obs 10: The drawer 4 is closed.
Act 11: open drawer 4
Obs 11: You open the drawer 4. The drawer 4 is open. In it, you see nothing.
Act 12: go to drawer 5
Obs 12: The drawer 5 is closed.
Act 13: open drawer 5
Obs 13: You open the drawer 5. The drawer 5 is open. In it, you see a watch 1.
Act 14: think: Now I found a watch (1). Next, I need to take it.
Obs 14: OK.
Act 15: take watch 1 from drawer 5
Obs 15: You pick up the watch 1 from the drawer 5.
Act 16: think: Now I have the watch (1). Next, I need to put it on the safe (1).
Obs 16: OK.
Act 17: go to safe 1
Obs 17: The safe 1 is closed.
Act 18: open safe 1
Obs 18: You open the safe 1. The safe 1 is open. In it, you see a vase 2.
Act 19: put watch 1 on safe 1
Obs 19: Nothing happens.
Act 20: put watch 1 in/on safe 1
Obs 20: You put the watch 1 in/on the safe 1.
Result: Task Success!
