You are in the middle of a room. Looking quickly around you, you see a cabinet 6, a cabinet 5, a cabinet 4, a cabinet 3, a cabinet 2, a cabinet 1, a coffeemachine 1, a countertop 3, a countertop 2, a countertop 1, a drawer 3, a drawer 2, a drawer 1, a fridge 1, a garbagecan 1, a microwave 1, a shelf 3, a shelf 2, a shelf 1, a sinkbasin 1, a stoveburner 4, a stoveburner 3, a stoveburner 2, a stoveburner 1, and a toaster 1.
Your task is to: put a clean mug in coffeemachine.
Act 1: think: To solve the task, I need to find and take a mug, then clean it with sinkbasin, then put it in coffeemachine.
Obs 1: OK.
Act 2: think: First I need to find a mug. A mug is more likely to appear in countertop (1-3), shelf (1-3), drawer (1-3), sinkbasin (1), garbagecan (1). I can check one by one, starting with countertop 1.
Obs 2: OK.
Act 3: go to countertop 1
Obs 3: On the countertop 1, you see a creditcard 2.
Act 4: go to countertop 2
Obs 4: On the countertop 2, you see a apple 1, a cellphone 1, a dishsponge 1, a fork 3, a fork 1, a knife 1, a lettuce 2, a mug 1, a peppershaker 1, a pot 2, a soapbottle 2, and a tomato 1.
Act 5: take mug 1 from countertop 2
Obs 5: You pick up the mug 1 from the countertop 2.
Act 6: think: Now I take a mug (1). Next, I need to go to sinkbasin (1) and clean it.
Obs 6: OK.
Act 7: go to sinkbasin 1
Obs 7: On the sinkbasin 1, you see a plate 3, a spatula 2, and a spatula 1.
Act 8: clean mug 1 with sinkbasin 1
Obs 8: You clean the mug 1 using the sinkbasin 1.
Act 9: think: Now I clean a mug (1). Next, I need to put it in/on coffeemachine 1.
Obs 9: OK.
Act 10: go to coffeemachine 1
Obs 10: On the coffeemachine 1, you see nothing.
Act 11: put mug 1 in/on coffeemachine 1
Obs 11: You put the mug 1 in/on the coffeemachine 1.
Result: Task Success!
