You are in the middle of a room. Looking quickly around you, you see a cabinet 6, a cabinet 5, a cabinet 4, a cabinet 3, a cabinet 2, a cabinet 1, a coffeemachine 1, a countertop 3, a countertop 2, a countertop 1, a drawer 3, a drawer 2, a drawer 1, a fridge 1, a garbagecan 1, a microwave 1, a shelf 3, a shelf 2, a shelf 1, a sinkbasin 1, a stoveburner 4, a stoveburner 3, a stoveburner 2, a stoveburner 1, and a toaster 1.
Your task is to: heat some apple and put it in fridge.
Act 1: think: To solve the task, I need to find and take an apple, then heat it with microwave, then put it in fridge.
Obs 1: OK.
Act 2: think: First I need to find an apple. An apple is more likely to appear in fridge (1), countertop (1-3), diningtable (1), drawer (1-3), cabinet (1-6), garbagecan (1). I can check one by one, starting with fridge 1.
Obs 2: OK.
Act 3: open fridge 1
Obs 3: Nothing happens.
Act 4: go to countertop 1
Obs 4: On the countertop 1, you see a cellphone 1, a creditcard 3, a creditcard 1, and a pan 1.
Act 5: go to countertop 2
Obs 5: On the countertop 2, you see a creditcard 2, a knife 2, a knife 1, a statue 1, and a tomato 3.
Act 6: go to countertop 3
Obs 6: On the countertop 3, you see a bowl 2, a bowl 1, a butterknife 1, a cellphone 3, a cellphone 2, a cup 1, a houseplant 1, a knife 3, a plate 3, a soapbottle 2, a spatula 1, a spoon 1, a vase 3, and a vase 2.
Act 7: think: Now I find a tomato (3). I need to keep looking for an apple.
Obs 7: OK.
Act 8: go to diningtable 1
Obs 8: Nothing happens.
Act 9: go to drawer 1
Obs 9: The drawer 1 is closed.
Act 10: open drawer 1
Obs 10: You open the drawer 1. The drawer 1 is open. In it, you see a fork 1.
Act 11: go to drawer 2
Obs 11: The drawer 2 is closed.
Act 12: open drawer 2
Obs 12: You open the drawer 2. The drawer 2 is open. In it, you see a fork 2.
Act 13: go to drawer 3
Obs 13: The drawer 3 is closed.
Act 14: open drawer 3
Obs 14: You open the drawer 3. The drawer 3 is open. In it, you see nothing.
Act 15: think: Now I need to check the cabinets.
Obs 15: OK.
Act 16: go to cabinet 1
Obs 16: On the cabinet 1, you see a glassbottle 1.
Act 17: go to cabinet 2
Obs 17: The cabinet 2 is closed.
Act 18: open cabinet 2
Obs 18: You open the cabinet 2. The cabinet 2 is open. In it, you see a dishsponge 1, and a plate 1.
Act 19: go to cabinet 3
Obs 19: On the cabinet 3, you see a plate 2.
Act 20: go to cabinet 4
Obs 20: On the cabinet 4, you see nothing.
Act 21: go to cabinet 5
Obs 21: The cabinet 5 is closed.
Act 22: open cabinet 5
Obs 22: You open the cabinet 5. The cabinet 5 is open. In it, you see a dishsponge 2, a peppershaker 1, and a soapbottle 1.
Act 23: go to cabinet 6
Obs 23: The cabinet 6 is closed.
Act 24: open cabinet 6
Obs 24: You open the cabinet 6. The cabinet 6 is open. In it, you see nothing.
Act 25: think: Now I need to check the garbage can.
Obs 25: OK.
Act 26: go to garbagecan 1
Obs 26: On the garbagecan 1, you see a apple 2, a apple 1, a egg 2, a egg 1, a potato 2, and a potato 1.
Act 27: think: Now I find an apple (2). Next, I need to take it.
Obs 27: OK.
Act 28: take apple 2 from garbagecan 1
Obs 28: You pick up the apple 2 from the garbagecan 1.
Act 29: think: Now I take an apple (2). Next, I need to go to a microwave (1) and heat it.
Obs 29: OK.
Act 30: go to microwave 1
Obs 30: The microwave 1 is closed.
