You are in the middle of a room. Looking quickly around you, you see a cabinet 6, a cabinet 5, a cabinet 4, a cabinet 3, a cabinet 2, a cabinet 1, a coffeemachine 1, a countertop 3, a countertop 2, a countertop 1, a drawer 3, a drawer 2, a drawer 1, a fridge 1, a garbagecan 1, a microwave 1, a shelf 3, a shelf 2, a shelf 1, a sinkbasin 1, a stoveburner 4, a stoveburner 3, a stoveburner 2, a stoveburner 1, and a toaster 1.
Your task is to: heat some mug and put it in coffeemachine.
Act 1: think: To solve the task, I need to find and take a mug, then heat it with microwave, then put it in coffeemachine.
Obs 1: OK.
Act 2: think: First I need to find a mug. A mug is more likely to appear in coffeemachine (1), countertop (1-3), shelf (1-3), drawer (1-3), cabinet (1-6). I can check one by one, starting with coffeemachine 1.
Obs 2: OK.
Act 3: go to coffeemachine 1
Obs 3: On the coffeemachine 1, you see nothing.
Act 4: go to countertop 1
Obs 4: Nothing happens.
Act 5: go to countertop 2
Obs 5: On the countertop 2, you see a bread 2, a bread 1, a butterknife 1, a creditcard 1, a cup 3, a knife 2, a saltshaker 1, a soapbottle 1, and a vase 2.
Act 6: take mug 3 from countertop 2
Obs 6: Nothing happens.
Act 7: go to countertop 3
Obs 7: On the countertop 3, you see a cellphone 2, a creditcard 2, a dishsponge 1, a glassbottle 2, a houseplant 1, a saltshaker 3, a spatula 2, a statue 2, a tomato 2, and a vase 3.
Act 8: take mug 2 from countertop 3
Obs 8: Nothing happens.
Act 9: go to shelf 1
Obs 9: On the shelf 1, you see a statue 1.
Act 10: go to shelf 2
Obs 10: On the shelf 2, you see a cellphone 1, a plate 1, and a saltshaker 2.
Act 11: go to shelf 3
Obs 11: On the shelf 3, you see nothing.
Act 12: go to drawer 1
Obs 12: The drawer 1 is closed.
Act 13: open drawer 1
Obs 13: You open the drawer 1. The drawer 1 is open. In it, you see a knife 1.
Act 14: go to drawer 2
Obs 14: The drawer 2 is closed.
Act 15: open drawer 2
Obs 15: You open the drawer 2. The drawer 2 is open. In it, you see a fork 2, and a fork 1.
Act 16: go to drawer 3
Obs 16: The drawer 3 is closed.
Act 17: open drawer 3
Obs 17: You open the drawer 3. The drawer 3 is open. In it, you see nothing.
Act 18: think: I couldn't find a mug in the places I checked. I should try looking in the cabinets next.
Obs 18: OK.
Act 19: go to cabinet 1
Obs 19: On the cabinet 1, you see a peppershaker 2.
Act 20: go to cabinet 2
Obs 20: The cabinet 2 is closed.
Act 21: open cabinet 2
Obs 21: You open the cabinet 2. The cabinet 2 is open. In it, you see nothing.
Act 22: go to cabinet 3
Obs 22: On the cabinet 3, you see a cup 1, and a vase 1.
Act 23: take mug 1 from cabinet 3
Obs 23: Nothing happens.
Act 24: go to cabinet 4
Obs 24: On the cabinet 4, you see a peppershaker 1.
Act 25: go to cabinet 5
Obs 25: The cabinet 5 is closed.
Act 26: open cabinet 5
Obs 26: You open the cabinet 5. The cabinet 5 is open. In it, you see nothing.
Act 27: go to cabinet 6
Obs 27: The cabinet 6 is closed.
Act 28: open cabinet 6
Obs 28: You open the cabinet 6. The cabinet 6 is open. In it, you see a mug 1, and a soapbottle 2.
Act 29: take mug 1 from cabinet 6
Obs 29: You pick up the mug 1 from the cabinet 6.
Act 30: think: Now I have found a mug (1). Next, I need to go to a microwave (1) and heat it.
Obs 30: OK.
