You are in the middle of a room. Looking quickly around you, you see a cabinet 4, a cabinet 3, a cabinet 2, a cabinet 1, a countertop 1, a garbagecan 1, a handtowelholder 2, a handtowelholder 1, a sinkbasin 2, a sinkbasin 1, a toilet 1, a toiletpaperhanger 1, and a towelholder 1.
Your task is to: clean some soapbar and put it in countertop.
Act 1: think: To solve the task, I need to find and take a soapbar, then clean it with sinkbasin, then put it in countertop.
Obs 1: OK.
Act 2: think: First I need to find a soapbar. A soapbar is more likely to appear in countertop (1), sinkbasin (1-2), cabinet (1-4), garbagecan (1), handtowelholder (1-2), toilet (1), toiletpaperhanger (1), towelholder (1). I can check one by one, starting with countertop 1.
Obs 2: OK.
Act 3: go to countertop 1
Obs 3: On the countertop 1, you see a soapbar 1, and a spraybottle 1.
Act 4: take soapbar 1 from countertop 1
Obs 4: You pick up the soapbar 1 from the countertop 1.
Act 5: think: Now I take a soapbar (1). Next, I need to go to sinkbasin (1) and clean it.
Obs 5: OK.
Act 6: go to sinkbasin 1
Obs 6: On the sinkbasin 1, you see nothing.
Act 7: think: I need to find another sinkbasin. I will try sinkbasin 2.
Obs 7: OK.
Act 8: go to sinkbasin 2
Obs 8: On the sinkbasin 2, you see nothing.
Act 9: think: I need to find another sinkbasin. I will try cabinet 1.
Obs 9: OK.
Act 10: go to cabinet 1
Obs 10: The cabinet 1 is closed.
Act 11: open cabinet 1
Obs 11: You open the cabinet 1. The cabinet 1 is open. In it, you see a cloth 1.
Act 12: go to cabinet 2
Obs 12: The cabinet 2 is closed.
Act 13: open cabinet 2
Obs 13: You open the cabinet 2. The cabinet 2 is open. In it, you see nothing.
Act 14: think: I need to find another sinkbasin. I will try sinkbasin 1 again.
Obs 14: OK.
Act 15: go to sinkbasin 1
Obs 15: On the sinkbasin 1, you see nothing.
Act 16: think: I need to find another sinkbasin. I will try sinkbasin 2 again.
Obs 16: OK.
Act 17: go to sinkbasin 2
Obs 17: On the sinkbasin 2, you see nothing.
Act 18: think: I need to find another sinkbasin. I will try cabinet 3.
Obs 18: OK.
Act 19: go to cabinet 3
Obs 19: The cabinet 3 is closed.
Act 20: open cabinet 3
Obs 20: You open the cabinet 3. The cabinet 3 is open. In it, you see a candle 1, and a toiletpaper 3.
Act 21: go to cabinet 4
Obs 21: The cabinet 4 is closed.
Act 22: open cabinet 4
Obs 22: You open the cabinet 4. The cabinet 4 is open. In it, you see a soapbottle 1, and a toiletpaper 2.
Act 23: take soapbottle 1 from cabinet 4
Obs 23: Nothing happens.
Act 24: think: I need to find a soapbar, not a soapbottle. I will try another location.
Obs 24: OK.
Act 25: go to garbagecan 1
Obs 25: On the garbagecan 1, you see nothing.
Act 26: think: I need to find another location. I will try handtowelholder 1.
Obs 26: OK.
Act 27: go to handtowelholder 1
Obs 27: On the handtowelholder 1, you see a handtowel 1.
Act 28: take handtowel 1 from handtowelholder 1
Obs 28: Nothing happens.
Act 29: think: I need to find a soapbar, not a handtowel. I will try another location.
Obs 29: OK.
Act 30: go to handtowelholder 2
Obs 30: On the handtowelholder 2, you see nothing.
