You are in the middle of a room. Looking quickly around you, you see a cabinet 6, a cabinet 5, a cabinet 4, a cabinet 3, a cabinet 2, a cabinet 1, a coffeemachine 1, a countertop 3, a countertop 2, a countertop 1, a drawer 3, a drawer 2, a drawer 1, a fridge 1, a garbagecan 1, a microwave 1, a shelf 3, a shelf 2, a shelf 1, a sinkbasin 1, a stoveburner 4, a stoveburner 3, a stoveburner 2, a stoveburner 1, and a toaster 1.
Your task is to: cool some pan and put it in countertop.
Act 1: think: To solve the task, I need to find and take a pan, then cool it with the fridge, and finally put it on the countertop.
Obs 1: OK.
Act 2: think: First, I need to find a pan. A pan is more likely to appear in the stoveburner (1-4), sinkbasin (1), countertop (1-3), cabinet (1-6), drawer (1-3). I can check one by one, starting with the stoveburner 1.
Obs 2: OK.
Act 3: go to stoveburner 1
Obs 3: On the stoveburner 1, you see a pot 1.
Act 4: go to stoveburner 2
Obs 4: On the stoveburner 2, you see a pan 1.
Act 5: take pan 1 from stoveburner 2
Obs 5: You pick up the pan 1 from the stoveburner 2.
Act 6: think: Now I have the pan (1). Next, I need to cool it with the fridge.
Obs 6: OK.
Act 7: go to fridge 1
Obs 7: The fridge 1 is closed.
Act 8: cool pan 1 with fridge 1
Obs 8: You cool the pan 1 using the fridge 1.
Act 9: think: Now I have cooled the pan. Next, I need to put it on the countertop.
Obs 9: OK.
Act 10: go to countertop 1
Obs 10: On the countertop 1, you see a mug 1.
Act 11: put pan 1 in/on countertop 1
Obs 11: You put the pan 1 in/on the countertop 1.
Result: Task Success!
