You are in the middle of a room. Looking quickly around you, you see a bed 1, a desk 2, a desk 1, a drawer 6, a drawer 5, a drawer 4, a drawer 3, a drawer 2, a drawer 1, a garbagecan 1, a laundryhamper 1, a safe 1, a shelf 6, a shelf 5, a shelf 4, a shelf 3, a shelf 2, and a shelf 1.
Your task is to: put two cd in safe.
Act 1: think: To solve the task, I need to find and take the first CD, then put it in the safe, then find and take the second CD, then put it in the safe.
Obs 1: OK.
Act 2: think: First I need to find the first CD. A CD is more likely to appear in desk (1-2), drawer (1-6), shelf (1-6). I can check one by one, starting with desk 1.
Obs 2: OK.
Act 3: go to desk 1
Obs 3: On the desk 1, you see a bowl 1, a desklamp 1, a mug 1, and a pen 1.
Act 4: think: I didn't find a CD on desk 1. Next, I will check desk 2.
Obs 4: OK.
Act 5: go to desk 2
Obs 5: On the desk 2, you see a bowl 2, a cd 2, a cd 1, a creditcard 3, a mug 2, a pencil 3, and a pencil 2.
Act 6: take cd 1 from desk 2
Obs 6: You pick up the cd 1 from the desk 2.
Act 7: think: Now I find the first CD (1). Next, I need to put it in/on safe 1.
Obs 7: OK.
Act 8: go to safe 1
Obs 8: The safe 1 is closed.
Act 9: open safe 1
Obs 9: You open the safe 1. The safe 1 is open. In it, you see a cellphone 2.
Act 10: put cd 1 in/on safe 1
Obs 10: You put the cd 1 in/on the safe 1.
Act 11: think: Now I put the first CD in the safe. Next, I need to find the second CD. I have visited desk (1-2), so the second CD is more likely to appear in drawer (1-6), shelf (1-6). I can check one by one, starting with drawer 1.
Obs 11: OK.
Act 12: go to drawer 1
Obs 12: The drawer 1 is closed.
Act 13: open drawer 1
Obs 13: You open the drawer 1. The drawer 1 is open. In it, you see a creditcard 1.
Act 14: go to drawer 2
Obs 14: On the drawer 2, you see a creditcard 2.
Act 15: take cd 2 from drawer 2
Obs 15: Nothing happens.
Act 16: think: I didn't find a CD in drawer 2. Next, I will check drawer 3.
Obs 16: OK.
Act 17: go to drawer 3
Obs 17: Nothing happens.
Act 18: think: I didn't find a CD in drawer 3. Next, I will check drawer 4.
Obs 18: OK.
Act 19: go to drawer 4
Obs 19: The drawer 4 is closed.
Act 20: open drawer 4
Obs 20: You open the drawer 4. The drawer 4 is open. In it, you see nothing.
Act 21: go to drawer 5
Obs 21: On the drawer 5, you see a cd 3, and a pen 2.
Act 22: take cd 3 from drawer 5
Obs 22: You pick up the cd 3 from the drawer 5.
Act 23: think: Now I find the second CD (3). Next, I need to put it in/on safe 1.
Obs 23: OK.
Act 24: go to safe 1
Obs 24: The safe 1 is open. In it, you see a cd 1, and a cellphone 2.
Act 25: put cd 3 in/on safe 1
Obs 25: You put the cd 3 in/on the safe 1.
Result: Task Success!
