You are in the middle of a room. Looking quickly around you, you see a bed 1, a desk 2, a desk 1, a drawer 6, a drawer 5, a drawer 4, a drawer 3, a drawer 2, a drawer 1, a garbagecan 1, a laundryhamper 1, a safe 1, a shelf 6, a shelf 5, a shelf 4, a shelf 3, a shelf 2, and a shelf 1.
Your task is to: look at bowl under the desklamp.
Act 1: think: To solve the task, I need to find and take a bowl, then find and use a desklamp. First, I need to find a bowl. A bowl is more likely to appear in drawer (1-6), shelf (1-6), desk (1-2), garbagecan (1), laundryhamper (1), safe (1). I can check one by one, starting with drawer 1.
Obs 1: OK.
Act 2: go to drawer 1
Obs 2: The drawer 1 is closed.
Act 3: open drawer 1
Obs 3: You open the drawer 1. The drawer 1 is open. In it, you see a cellphone 2.
Act 4: go to drawer 2
Obs 4: On the drawer 2, you see a keychain 1.
Act 5: go to drawer 3
Obs 5: Nothing happens.
Act 6: go to drawer 4
Obs 6: The drawer 4 is closed.
Act 7: open drawer 4
Obs 7: You open the drawer 4. The drawer 4 is open. In it, you see nothing.
Act 8: go to drawer 5
Obs 8: On the drawer 5, you see nothing.
Act 9: go to drawer 6
Obs 9: The drawer 6 is closed.
Act 10: open drawer 6
Obs 10: You open the drawer 6. The drawer 6 is open. In it, you see a book 2, and a pen 2.
Act 11: think: Now I find a bowl. Next, I need to take it.
Obs 11: OK.
Act 12: take bowl 1 from drawer 6
Obs 12: Nothing happens.
Act 13: think: I couldn't find a bowl in drawer 6. I should try looking in another location. Maybe I should check the shelves next. Let's start with shelf 1.
Obs 13: OK.
Act 14: go to shelf 1
Obs 14: On the shelf 1, you see a pencil 2.
Act 15: go to shelf 2
Obs 15: On the shelf 2, you see a pen 1.
Act 16: go to shelf 3
Obs 16: On the shelf 3, you see a desklamp 1, and a pencil 1.
Act 17: think: Now I find a desklamp (1). Next, I need to use it.
Obs 17: OK.
Act 18: use desklamp 1
Obs 18: You turn on the desklamp 1.
Act 19: think: Now that I have the desklamp on, I need to find a bowl to look at under it. I should check the other shelves for the bowl. Let's go to shelf 4.
Obs 19: OK.
Act 20: go to shelf 4
Obs 20: On the shelf 4, you see a alarmclock 2, and a pencil 3.
Act 21: go to shelf 5
Obs 21: On the shelf 5, you see a creditcard 2.
Act 22: go to shelf 6
Obs 22: On the shelf 6, you see nothing.
Act 23: think: I couldn't find the bowl on any of the shelves. I should try looking in another location. Maybe I should check the desks next. Let's start with desk 1.
Obs 23: OK.
Act 24: go to desk 1
Obs 24: On the desk 1, you see a alarmclock 1, a desklamp 1, a mug 1, and a pencil 1.
Act 25: think: Now I find a mug (1) on desk 1. I need to keep looking for the bowl. Let's check desk 2 next.
Obs 25: OK.
Act 26: go to desk 2
Obs 26: On the desk 2, you see a bowl 2, a bowl 1, a cd 2, a cd 1, and a creditcard 3.
Act 27: think: Now I find the bowl (1) on desk 2. I need to take it to complete the task.
Obs 27: OK.
Act 28: take bowl 1 from desk 2
Obs 28: You pick up the bowl 1 from the desk 2.
Act 29: think: Now that I have the bowl, I need to look at it under the desklamp. Let's go back to the desklamp and complete the task.
Obs 29: OK.
Act 30: look at bowl 1 under desklamp 1
Obs 30: Nothing happens.
