You are in the middle of a room. Looking quickly around you, you see a cabinet 6, a cabinet 5, a cabinet 4, a cabinet 3, a cabinet 2, a cabinet 1, a coffeemachine 1, a countertop 3, a countertop 2, a countertop 1, a drawer 3, a drawer 2, a drawer 1, a fridge 1, a garbagecan 1, a microwave 1, a shelf 3, a shelf 2, a shelf 1, a sinkbasin 1, a stoveburner 4, a stoveburner 3, a stoveburner 2, a stoveburner 1, and a toaster 1.
Your task is to: cool some lettuce and put it in countertop.
Act 1: think: To solve the task, I need to find and take some lettuce, then cool it with the fridge, and finally put it in the countertop.
Obs 1: OK.
Act 2: think: First, I need to find some lettuce. Lettuce is more likely to appear in the countertop (1-3), drawer (1-3), or fridge (1). I can start by checking the countertop 1.
Obs 2: OK.
Act 3: go to countertop 1
Obs 3: On the countertop 1, you see a egg 2, a spoon 1, a tomato 1, and a vase 1.
Act 4: go to countertop 2
Obs 4: On the countertop 2, you see a butterknife 1, a creditcard 2, a creditcard 1, a cup 1, a knife 1, a lettuce 1, a plate 2, and a spatula 1.
Act 5: take lettuce 1 from countertop 2
Obs 5: You pick up the lettuce 1 from the countertop 2.
Act 6: think: Now I have the lettuce (1). Next, I need to go to the fridge (1) and cool it.
Obs 6: OK.
Act 7: go to fridge 1
Obs 7: The fridge 1 is closed.
Act 8: cool lettuce 1 with fridge 1
Obs 8: You cool the lettuce 1 using the fridge 1.
Act 9: think: Now I have cooled the lettuce. Next, I need to put it in the countertop.
Obs 9: OK.
Act 10: go to countertop 1
Obs 10: On the countertop 1, you see a egg 2, a spoon 1, a tomato 1, and a vase 1.
Act 11: put lettuce 1 in countertop 1
Obs 11: Nothing happens.
Act 12: put lettuce 1 on countertop 1
Obs 12: Nothing happens.
Act 13: put lettuce 1 on countertop 1
Obs 13: Nothing happens.
Act 14: put lettuce 1 on countertop 1
Obs 14: Nothing happens.
Act 15: put lettuce 1 on countertop 1
Obs 15: Nothing happens.
Act 16: put lettuce 1 on countertop 1
Obs 16: Nothing happens.
Act 17: put lettuce 1 on countertop 1
Obs 17: Nothing happens.
Act 18: put lettuce 1 on countertop 1
Obs 18: Nothing happens.
Act 19: put lettuce 1 on countertop 1
Obs 19: Nothing happens.
Act 20: put lettuce 1 on countertop 1
Obs 20: Nothing happens.
Act 21: put lettuce 1 on countertop 1
Obs 21: Nothing happens.
Act 22: put lettuce 1 on countertop 1
Obs 22: Nothing happens.
Act 23: put lettuce 1 on countertop 1
Obs 23: Nothing happens.
Act 24: put lettuce 1 on countertop 1
Obs 24: Nothing happens.
Act 25: put lettuce 1 on countertop 1
Obs 25: Nothing happens.
Act 26: put lettuce 1 on countertop 1
Obs 26: Nothing happens.
Act 27: put lettuce 1 on countertop 1
Obs 27: Nothing happens.
Act 28: put lettuce 1 on countertop 1
Obs 28: Nothing happens.
Act 29: put lettuce 1 on countertop 1
Obs 29: Nothing happens.
Act 30: put lettuce 1 on countertop 1
Obs 30: Nothing happens.
