You are in the middle of a room. Looking quickly around you, you see a cabinet 6, a cabinet 5, a cabinet 4, a cabinet 3, a cabinet 2, a cabinet 1, a coffeemachine 1, a countertop 3, a countertop 2, a countertop 1, a drawer 3, a drawer 2, a drawer 1, a fridge 1, a garbagecan 1, a microwave 1, a shelf 3, a shelf 2, a shelf 1, a sinkbasin 1, a stoveburner 4, a stoveburner 3, a stoveburner 2, a stoveburner 1, and a toaster 1.
Your task is to: put a cool mug in cabinet.
Act 1: think: To solve the task, I need to find a cool mug, then put it in a cabinet.
Obs 1: OK.
Act 2: think: First I need to find a cool mug. A cool mug is more likely to appear in shelf (1-3), countertop (1-3), cabinet (1-6), drawer (1-3). I can check one by one, starting with shelf 1.
Obs 2: OK.
Act 3: go to shelf 1
Obs 3: On the shelf 1, you see a creditcard 3.
Act 4: go to shelf 2
Obs 4: On the shelf 2, you see a cellphone 1, a creditcard 2, and a glassbottle 2.
Act 5: go to shelf 3
Obs 5: On the shelf 3, you see nothing.
Act 6: go to countertop 1
Obs 6: On the countertop 1, you see a mug 3, a tomato 2, and a tomato 1.
Act 7: take mug 3 from countertop 1
Obs 7: You pick up the mug 3 from the countertop 1.
Act 8: think: Now I find a cool mug (3). Next, I need to put it in a cabinet.
Obs 8: OK.
Act 9: go to cabinet 1
Obs 9: On the cabinet 1, you see a peppershaker 1, a soapbottle 1, and a vase 2.
Act 10: put mug 3 in cabinet 1
Obs 10: Nothing happens.
Act 11: think: The cabinet 1 is full. I need to find an empty cabinet to put the mug in.
Obs 11: OK.
Act 12: go to cabinet 2
Obs 12: The cabinet 2 is closed.
Act 13: open cabinet 2
Obs 13: You open the cabinet 2. The cabinet 2 is open. In it, you see a plate 1.
Act 14: go to cabinet 3
Obs 14: On the cabinet 3, you see a vase 1.
Act 15: go to cabinet 4
Obs 15: On the cabinet 4, you see a mug 2.
Act 16: take mug 2 from cabinet 4
Obs 16: Nothing happens.
Act 17: think: The cabinet 4 is full. I need to find an empty cabinet to put the mug in.
Obs 17: OK.
Act 18: go to cabinet 5
Obs 18: The cabinet 5 is closed.
Act 19: open cabinet 5
Obs 19: You open the cabinet 5. The cabinet 5 is open. In it, you see a glassbottle 1.
Act 20: go to cabinet 6
Obs 20: The cabinet 6 is closed.
Act 21: open cabinet 6
Obs 21: You open the cabinet 6. The cabinet 6 is open. In it, you see nothing.
Act 22: put mug 3 in cabinet 6
Obs 22: Nothing happens.
Act 23: think: The cabinet 6 is empty. I can put the mug in there.
Obs 23: OK.
Act 24: put mug 3 in cabinet 6
Obs 24: Nothing happens.
Act 25: think: It seems like the cabinet 6 is not accepting the mug for some reason. I should try another cabinet.
Obs 25: OK.
Act 26: go to cabinet 1
Obs 26: On the cabinet 1, you see a peppershaker 1, a soapbottle 1, and a vase 2.
Act 27: put mug 3 in cabinet 1
Obs 27: Nothing happens.
Act 28: think: The cabinet 1 is full. I need to find an empty cabinet to put the mug in.
Obs 28: OK.
Act 29: go to cabinet 2
Obs 29: The cabinet 2 is open. In it, you see a plate 1.
Act 30: put mug 3 in cabinet 2
Obs 30: Nothing happens.
