You are in the middle of a room. Looking quickly around you, you see a bed 1, a desk 2, a desk 1, a drawer 6, a drawer 5, a drawer 4, a drawer 3, a drawer 2, a drawer 1, a garbagecan 1, a laundryhamper 1, a safe 1, a shelf 6, a shelf 5, a shelf 4, a shelf 3, a shelf 2, and a shelf 1.
Your task is to: put a pencil in shelf.
Act 1: think: To solve the task, I need to find and take a pencil, then put it in the shelf.
Obs 1: OK.
Act 2: think: First I need to find a pencil. A pencil is more likely to appear in a desk (1-2), drawer (1-6), shelf (1-6). I can check one by one, starting with desk 1.
Obs 2: OK.
Act 3: go to desk 1
Obs 3: On the desk 1, you see a desklamp 1, and a pencil 1.
Act 4: take pencil 1 from desk 1
Obs 4: You pick up the pencil 1 from the desk 1.
Act 5: think: Now I take a pencil (1). Next, I need to put it in the shelf.
Obs 5: OK.
Act 6: go to shelf 1
Obs 6: On the shelf 1, you see nothing.
Act 7: put pencil 1 in shelf 1
Obs 7: Nothing happens.
Act 8: think: It seems that shelf 1 is not the correct shelf to put the pencil in. I should try another shelf.
Obs 8: OK.
Act 9: go to shelf 2
Obs 9: On the shelf 2, you see a mug 1.
Act 10: put pencil 1 in shelf 2
Obs 10: Nothing happens.
Act 11: think: It seems that shelf 2 is not the correct shelf to put the pencil in either. I should try another shelf.
Obs 11: OK.
Act 12: go to shelf 3
Obs 12: On the shelf 3, you see a desklamp 1.
Act 13: put pencil 1 in shelf 3
Obs 13: Nothing happens.
Act 14: think: It seems that shelf 3 is not the correct shelf to put the pencil in either. I should try another shelf.
Obs 14: OK.
Act 15: go to shelf 4
Obs 15: On the shelf 4, you see a alarmclock 1.
Act 16: put pencil 1 in shelf 4
Obs 16: Nothing happens.
Act 17: think: It seems that shelf 4 is not the correct shelf to put the pencil in either. I should try another shelf.
Obs 17: OK.
Act 18: go to shelf 5
Obs 18: On the shelf 5, you see nothing.
Act 19: put pencil 1 in shelf 5
Obs 19: Nothing happens.
Act 20: think: It seems that shelf 5 is not the correct shelf to put the pencil in either. I should try the last shelf.
Obs 20: OK.
Act 21: go to shelf 6
Obs 21: On the shelf 6, you see nothing.
Act 22: put pencil 1 in shelf 6
Obs 22: Nothing happens.
Act 23: think: It seems that none of the shelves are the correct one to put the pencil in. I should reevaluate where the pencil should go.
Obs 23: OK.
Act 24: go to drawer 1
Obs 24: The drawer 1 is closed.
Act 25: open drawer 1
Obs 25: You open the drawer 1. The drawer 1 is open. In it, you see nothing.
Act 26: go to drawer 2
Obs 26: On the drawer 2, you see a cellphone 3.
Act 27: put pencil 1 in drawer 2
Obs 27: Nothing happens.
Act 28: think: It seems that the drawers are not the correct place to put the pencil either. I should try another location.
Obs 28: OK.
Act 29: go to desk 2
Obs 29: On the desk 2, you see a alarmclock 2, a book 2, a bowl 1, a cd 3, a mug 2, a pen 3, and a pen 2.
Act 30: put pencil 1 on desk 2
Obs 30: Nothing happens.
