You are in the middle of a room. Looking quickly around you, you see a cabinet 6, a cabinet 5, a cabinet 4, a cabinet 3, a cabinet 2, a cabinet 1, a coffeemachine 1, a countertop 3, a countertop 2, a countertop 1, a drawer 3, a drawer 2, a drawer 1, a fridge 1, a garbagecan 1, a microwave 1, a shelf 3, a shelf 2, a shelf 1, a sinkbasin 1, a stoveburner 4, a stoveburner 3, a stoveburner 2, a stoveburner 1, and a toaster 1.
Your task is to: put a hot mug in cabinet.
Act 1: think: To solve the task, I need to find a mug, then heat it with the microwave, and finally put it in a cabinet.
Obs 1: OK.
Act 2: think: First, I need to find a mug. A mug is more likely to appear in countertop (1-3), diningtable (1), drawer (1-3), fridge (1), garbagecan (1), shelf (1-3). I can check one by one, starting with countertop 1.
Obs 2: OK.
Act 3: go to countertop 1
Obs 3: On the countertop 1, you see a dishsponge 1, a egg 2, a fork 2, a mug 1, and a papertowelroll 1.
Act 4: take mug 1 from countertop 1
Obs 4: You pick up the mug 1 from the countertop 1.
Act 5: think: Now I have the mug (1). Next, I need to heat it with the microwave.
Obs 5: OK.
Act 6: go to microwave 1
Obs 6: The microwave 1 is closed.
Act 7: heat mug 1 with microwave 1
Obs 7: You heat the mug 1 using the microwave 1.
Act 8: think: Now I have a hot mug (1). Next, I need to put it in a cabinet.
Obs 8: OK.
Act 9: go to cabinet 1
Obs 9: On the cabinet 1, you see a glassbottle 2, a glassbottle 1, and a saltshaker 1.
Act 10: put mug 1 in cabinet 1
Obs 10: Nothing happens.
Act 11: open cabinet 1
Obs 11: Nothing happens.
Act 12: put mug 1 on cabinet 1
Obs 12: Nothing happens.
Act 13: open cabinet 1
Obs 13: Nothing happens.
Act 14: put mug 1 in cabinet 1
Obs 14: Nothing happens.
Act 15: think: It seems like I can't put the mug directly in the cabinet. I should try placing it on top of the cabinet instead.
Obs 15: OK.
Act 16: put mug 1 on cabinet 1
Obs 16: Nothing happens.
Act 17: think: It seems like I can't put the mug on top of the cabinet either. I should try a different cabinet.
Obs 17: OK.
Act 18: go to cabinet 2
Obs 18: The cabinet 2 is closed.
Act 19: open cabinet 2
Obs 19: You open the cabinet 2. The cabinet 2 is open. In it, you see a vase 1.
Act 20: put mug 1 in cabinet 2
Obs 20: Nothing happens.
Act 21: think: It seems like I can't put the mug in cabinet 2 either. I should try a different cabinet.
Obs 21: OK.
Act 22: go to cabinet 3
Obs 22: On the cabinet 3, you see a vase 2.
Act 23: put mug 1 in cabinet 3
Obs 23: Nothing happens.
Act 24: think: It seems like I can't put the mug in cabinet 3 either. I should try a different cabinet.
Obs 24: OK.
Act 25: go to cabinet 4
Obs 25: On the cabinet 4, you see nothing.
Act 26: put mug 1 in cabinet 4
Obs 26: Nothing happens.
Act 27: think: It seems like I can't put the mug in cabinet 4 either. I should try a different cabinet.
Obs 27: OK.
Act 28: go to cabinet 5
Obs 28: The cabinet 5 is closed.
Act 29: open cabinet 5
Obs 29: You open the cabinet 5. The cabinet 5 is open. In it, you see nothing.
Act 30: put mug 1 in cabinet 5
Obs 30: Nothing happens.
