You are in the middle of a room. Looking quickly around you, you see a cabinet 6, a cabinet 5, a cabinet 4, a cabinet 3, a cabinet 2, a cabinet 1, a coffeemachine 1, a countertop 3, a countertop 2, a countertop 1, a drawer 3, a drawer 2, a drawer 1, a fridge 1, a garbagecan 1, a microwave 1, a shelf 3, a shelf 2, a shelf 1, a sinkbasin 1, a stoveburner 4, a stoveburner 3, a stoveburner 2, a stoveburner 1, and a toaster 1.
Your task is to: put a clean spatula in drawer.
Act 1: think: To solve the task, I need to find and take a spatula, then clean it with sinkbasin, then put it in the drawer.
Obs 1: OK.
Act 2: think: First I need to find a spatula. A spatula is more likely to appear in countertop (1-3), drawer (1-3), sinkbasin (1), stoveburner (1-4). I can check one by one, starting with countertop 1.
Obs 2: OK.
Act 3: go to countertop 1
Obs 3: On the countertop 1, you see a cellphone 2, a mug 1, and a soapbottle 1.
Act 4: go to countertop 2
Obs 4: On the countertop 2, you see a butterknife 1, a glassbottle 3, a knife 1, a papertowelroll 1, a potato 1, and a statue 1.
Act 5: go to countertop 3
Obs 5: On the countertop 3, you see a bread 1, a creditcard 1, a houseplant 1, a knife 2, a spatula 1, a spoon 1, and a statue 2.
Act 6: go to drawer 1
Obs 6: The drawer 1 is closed.
Act 7: open drawer 1
Obs 7: You open the drawer 1. The drawer 1 is open. In it, you see a fork 1.
Act 8: go to drawer 2
Obs 8: The drawer 2 is closed.
Act 9: open drawer 2
Obs 9: You open the drawer 2. The drawer 2 is open. In it, you see a peppershaker 1, and a saltshaker 1.
Act 10: go to drawer 3
Obs 10: The drawer 3 is closed.
Act 11: open drawer 3
Obs 11: You open the drawer 3. The drawer 3 is open. In it, you see a cellphone 1.
Act 12: think: I couldn't find a spatula in the countertop. I should check the other possible locations.
Obs 12: OK.
Act 13: go to sinkbasin 1
Obs 13: On the sinkbasin 1, you see a apple 1, a butterknife 2, a potato 3, and a tomato 2.
Act 14: think: I didn't find a spatula in the sinkbasin either. I should check the remaining possible locations.
Obs 14: OK.
Act 15: go to stoveburner 1
Obs 15: On the stoveburner 1, you see a pot 1.
Act 16: think: I didn't find a spatula on the stoveburner. I should check the remaining possible locations.
Obs 16: OK.
Act 17: go to shelf 1
Obs 17: On the shelf 1, you see a peppershaker 2, and a vase 2.
Act 18: think: I found a spatula (1) on countertop 3. Next, I need to take it.
Obs 18: OK.
Act 19: take spatula 1 from countertop 3
Obs 19: Nothing happens.
Act 20: think: I need to be more specific when taking the spatula. I should try again.
Obs 20: OK.
Act 21: take spatula 1 from countertop 3
Obs 21: Nothing happens.
Act 22: think: It seems like I can't take the spatula directly from the countertop. I should try a different approach.
Obs 22: OK.
Act 23: clean spatula 1 with sinkbasin 1
Obs 23: Nothing happens.
Act 24: think: It seems like I can't clean the spatula directly from the sinkbasin either. I should try a different approach.
Obs 24: OK.
Act 25: put spatula 1 in/on drawer 3
Obs 25: Nothing happens.
Act 26: think: It seems like I can't put the spatula directly in the drawer either. I should try a different approach.
Obs 26: OK.
Act 27: put spatula 1 in/on drawer 2
Obs 27: Nothing happens.
Act 28: think: It seems like I can't put the spatula directly in drawer 2 either. I should try a different approach.
Obs 28: OK.
Act 29: put spatula 1 in/on drawer 1
Obs 29: Nothing happens.
Act 30: think: It seems like I can't put the spatula directly in drawer 1 either. I should try a different approach.
Obs 30: OK.
