You are in the middle of a room. Looking quickly around you, you see a cabinet 6, a cabinet 5, a cabinet 4, a cabinet 3, a cabinet 2, a cabinet 1, a coffeemachine 1, a countertop 3, a countertop 2, a countertop 1, a drawer 3, a drawer 2, a drawer 1, a fridge 1, a garbagecan 1, a microwave 1, a shelf 3, a shelf 2, a shelf 1, a sinkbasin 1, a stoveburner 4, a stoveburner 3, a stoveburner 2, a stoveburner 1, and a toaster 1.
Your task is to: heat some mug and put it in coffeemachine.
Act 1: think: To solve the task, I need to find and take a mug, then heat it with the microwave, and finally put it in the coffeemachine.
Obs 1: OK.
Act 2: think: First, I need to find a mug. A mug is more likely to appear in countertop (1-3), diningtable (1), drawer (1-3), fridge (1), garbagecan (1). I can check one by one, starting with countertop 1.
Obs 2: OK.
Act 3: go to countertop 1
Obs 3: On the countertop 1, you see a bowl 1, a glassbottle 1, a mug 2, and a papertowelroll 1.
Act 4: take mug 2 from countertop 1
Obs 4: You pick up the mug 2 from the countertop 1.
Act 5: think: Now I have taken a mug (2). Next, I need to go to the microwave (1) and heat it.
Obs 5: OK.
Act 6: go to microwave 1
Obs 6: The microwave 1 is closed.
Act 7: heat mug 2 with microwave 1
Obs 7: You heat the mug 2 using the microwave 1.
Act 8: think: Now I have heated the mug (2). Next, I need to put it in the coffeemachine (1).
Obs 8: OK.
Act 9: go to coffeemachine 1
Obs 9: On the coffeemachine 1, you see nothing.
Act 10: put mug 2 in/on coffeemachine 1
Obs 10: You put the mug 2 in/on the coffeemachine 1.
Result: Task Success!
