You are in the middle of a room. Looking quickly around you, you see a bed 1, a desk 2, a desk 1, a drawer 6, a drawer 5, a drawer 4, a drawer 3, a drawer 2, a drawer 1, a garbagecan 1, a laundryhamper 1, a safe 1, a shelf 6, a shelf 5, a shelf 4, a shelf 3, a shelf 2, and a shelf 1.
Your task is to: examine the mug with the desklamp.
Act 1: think: To solve the task, I need to find and take a mug, then find and use a desklamp. First I need to find a mug. A mug is more likely to appear in drawer (1-6), shelf (1-6), desk (1-2), garbagecan (1), laundryhamper (1). I can check one by one, starting with drawer 1.
Obs 1: OK.
Act 2: go to drawer 1
Obs 2: The drawer 1 is closed.
Act 3: open drawer 1
Obs 3: You open the drawer 1. The drawer 1 is open. In it, you see a cd 2.
Act 4: go to drawer 2
Obs 4: On the drawer 2, you see nothing.
Act 5: go to drawer 3
Obs 5: Nothing happens.
Act 6: go to drawer 4
Obs 6: The drawer 4 is closed.
Act 7: open drawer 4
Obs 7: You open the drawer 4. The drawer 4 is open. In it, you see a pen 2.
Act 8: go to drawer 5
Obs 8: On the drawer 5, you see nothing.
Act 9: go to drawer 6
Obs 9: The drawer 6 is closed.
Act 10: open drawer 6
Obs 10: You open the drawer 6. The drawer 6 is open. In it, you see a creditcard 1.
Act 11: think: I haven't found a mug in any of the drawers. I should check the shelves next.
Obs 11: OK.
Act 12: go to shelf 1
Obs 12: On the shelf 1, you see a alarmclock 1.
Act 13: go to shelf 2
Obs 13: On the shelf 2, you see a mug 1, and a pencil 1.
Act 14: think: Now I find a mug (1). Next, I need to take it.
Obs 14: OK.
Act 15: take mug 1 from shelf 2
Obs 15: You pick up the mug 1 from the shelf 2.
Act 16: think: Now I take a mug (1). Next, I need to find a desklamp. A desklamp is more likely to appear in desk (1-2), shelf (1-6), bed (1), garbagecan (1), laundryhamper (1), safe (1), drawer (1-6). I can check one by one, starting with desk 1.
Obs 16: OK.
Act 17: go to desk 1
Obs 17: On the desk 1, you see a bowl 1, a desklamp 1, a laptop 1, and a pen 1.
Act 18: think: Now I find a desklamp (1). Next, I need to use it.
Obs 18: OK.
Act 19: use desklamp 1
Obs 19: You turn on the desklamp 1.
Result: Task Success!
