You are in the middle of a room. Looking quickly around you, you see a cabinet 4, a cabinet 3, a cabinet 2, a cabinet 1, a countertop 1, a garbagecan 1, a handtowelholder 2, a handtowelholder 1, a sinkbasin 2, a sinkbasin 1, a toilet 1, a toiletpaperhanger 1, and a towelholder 1.
Your task is to: clean some soapbar and put it in countertop.
Act 1: think: To solve the task, I need to find and take a soapbar, then clean it with sinkbasin, then put it in countertop.
Obs 1: OK.
Act 2: think: First I need to find a soapbar. A soapbar is more likely to appear in sinkbasin (1-2), countertop (1), garbagecan (1), cabinet (1-4). I can check one by one, starting with sinkbasin 1.
Obs 2: OK.
Act 3: go to sinkbasin 1
Obs 3: On the sinkbasin 1, you see nothing.
Act 4: go to sinkbasin 2
Obs 4: On the sinkbasin 2, you see nothing.
Act 5: go to countertop 1
Obs 5: On the countertop 1, you see a soapbar 1, and a spraybottle 1.
Act 6: take soapbar 1 from countertop 1
Obs 6: You pick up the soapbar 1 from the countertop 1.
Act 7: think: Now I take a soapbar (1). Next, I need to go to sinkbasin (1) and clean it.
Obs 7: OK.
Act 8: go to sinkbasin 1
Obs 8: On the sinkbasin 1, you see nothing.
Act 9: go to sinkbasin 2
Obs 9: On the sinkbasin 2, you see nothing.
Act 10: think: I can't clean the soapbar in the sinkbasin since there is nothing there. I need to find another way to clean it.
Obs 10: OK.
Act 11: go to toilet 1
Obs 11: On the toilet 1, you see a soapbar 2, and a soapbottle 2.
Act 12: take soapbar 2 from toilet 1
Obs 12: Nothing happens.
Act 13: think: I can't take the soapbar from the toilet. I need to find another way to clean the soapbar.
Obs 13: OK.
Act 14: go to cabinet 1
Obs 14: The cabinet 1 is closed.
Act 15: open cabinet 1
Obs 15: You open the cabinet 1. The cabinet 1 is open. In it, you see a cloth 1.
Act 16: take cloth 1 from cabinet 1
Obs 16: Nothing happens.
Act 17: think: I can't take the cloth from the cabinet. I need to find another way to clean the soapbar.
Obs 17: OK.
Act 18: go to garbagecan 1
Obs 18: On the garbagecan 1, you see nothing.
Act 19: think: I can't find anything in the garbagecan. I need to find another way to clean the soapbar.
Obs 19: OK.
Act 20: go to handtowelholder 1
Obs 20: On the handtowelholder 1, you see a handtowel 1.
Act 21: take handtowel 1 from handtowelholder 1
Obs 21: Nothing happens.
Act 22: think: I can't take the handtowel from the handtowelholder. I need to find another way to clean the soapbar.
Obs 22: OK.
Act 23: go to sinkbasin 1
Obs 23: On the sinkbasin 1, you see nothing.
Act 24: think: I can't clean the soapbar in the sinkbasin since there is nothing there. I need to find another way to clean it.
Obs 24: OK.
Act 25: go to sinkbasin 2
Obs 25: On the sinkbasin 2, you see nothing.
Act 26: think: I can't clean the soapbar in the sinkbasin since there is nothing there. I need to find another way to clean it.
Obs 26: OK.
Act 27: go to toiletpaperhanger 1
Obs 27: On the toiletpaperhanger 1, you see nothing.
Act 28: think: I can't find anything to help me clean the soapbar. I need to think of another solution.
Obs 28: OK.
Act 29: go to towelholder 1
Obs 29: On the towelholder 1, you see a towel 1.
Act 30: take towel 1 from towelholder 1
Obs 30: Nothing happens.
