You are in the middle of a room. Looking quickly around you, you see a cabinet 6, a cabinet 5, a cabinet 4, a cabinet 3, a cabinet 2, a cabinet 1, a coffeemachine 1, a countertop 3, a countertop 2, a countertop 1, a drawer 3, a drawer 2, a drawer 1, a fridge 1, a garbagecan 1, a microwave 1, a shelf 3, a shelf 2, a shelf 1, a sinkbasin 1, a stoveburner 4, a stoveburner 3, a stoveburner 2, a stoveburner 1, and a toaster 1.
Your task is to: put a clean plate in countertop.
Act 1: think: To solve the task, I need to find and take a plate, then clean it with sinkbasin, then put it in countertop.
Obs 1: OK.
Act 2: think: First I need to find a plate. A plate is more likely to appear in countertop (1-3), sinkbasin (1), cabinet (1-6), drawer (1-3). I can check one by one, starting with countertop 1.
Obs 2: OK.
Act 3: go to countertop 1
Obs 3: On the countertop 1, you see a apple 2, a dishsponge 2, a potato 3, and a potato 2.
Act 4: go to countertop 2
Obs 4: On the countertop 2, you see a bread 1, a cellphone 2, a cellphone 1, a papertowelroll 1, a plate 2, and a soapbottle 1.
Act 5: go to countertop 3
Obs 5: On the countertop 3, you see a bread 2, a butterknife 1, a cellphone 3, a creditcard 3, a fork 1, a glassbottle 1, a houseplant 1, a lettuce 2, a plate 3, a spatula 3, a spoon 1, and a statue 2.
Act 6: go to sinkbasin 1
Obs 6: On the sinkbasin 1, you see nothing.
Act 7: think: I didn't find a plate in countertop 1 or sinkbasin 1. I should check countertop 2 next.
Obs 7: OK.
Act 8: go to countertop 2
Obs 8: On the countertop 2, you see a bread 1, a cellphone 2, a cellphone 1, a papertowelroll 1, a plate 2, and a soapbottle 1.
Act 9: take plate 2 from countertop 2
Obs 9: You pick up the plate 2 from the countertop 2.
Act 10: think: Now I take a plate (2). Next, I need to go to sinkbasin (1) and clean it.
Obs 10: OK.
Act 11: go to sinkbasin 1
Obs 11: On the sinkbasin 1, you see nothing.
Act 12: think: I need to find some soap to clean the plate. Soap is more likely to appear in countertop (1-3), sinkbasin (1), cabinet (1-6), drawer (1-3). I can check one by one, starting with countertop 1.
Obs 12: OK.
Act 13: go to countertop 1
Obs 13: On the countertop 1, you see a apple 2, a dishsponge 2, a potato 3, and a potato 2.
Act 14: go to countertop 2
Obs 14: On the countertop 2, you see a bread 1, a cellphone 2, a cellphone 1, a papertowelroll 1, and a soapbottle 1.
Act 15: take soapbottle 1 from countertop 2
Obs 15: Nothing happens.
Act 16: think: I couldn't find soap in countertop 2. I should check countertop 3 next.
Obs 16: OK.
Act 17: go to countertop 3
Obs 17: On the countertop 3, you see a bread 2, a butterknife 1, a cellphone 3, a creditcard 3, a fork 1, a glassbottle 1, a houseplant 1, a lettuce 2, a plate 3, a spatula 3, a spoon 1, and a statue 2.
Act 18: take soapbottle 1 from countertop 3
Obs 18: Nothing happens.
Act 19: think: I couldn't find soap in countertop 3 either. I should check sinkbasin 1 next.
Obs 19: OK.
Act 20: go to sinkbasin 1
Obs 20: On the sinkbasin 1, you see nothing.
Act 21: think: I couldn't find soap in sinkbasin 1. I should check cabinet 1 next.
Obs 21: OK.
Act 22: go to cabinet 1
Obs 22: On the cabinet 1, you see a plate 1.
Act 23: take plate 1 from cabinet 1
Obs 23: Nothing happens.
Act 24: think: I couldn't find soap in sinkbasin 1 or cabinet 1. I should check countertop 1 next.
Obs 24: OK.
Act 25: go to countertop 1
Obs 25: On the countertop 1, you see a apple 2, a dishsponge 2, a potato 3, and a potato 2.
Act 26: take dishsponge 2 from countertop 1
Obs 26: Nothing happens.
Act 27: think: I couldn't find soap in countertop 1 either. I should check cabinet 2 next.
Obs 27: OK.
Act 28: go to cabinet 2
Obs 28: The cabinet 2 is closed.
Act 29: open cabinet 2
Obs 29: You open the cabinet 2. The cabinet 2 is open. In it, you see nothing.
Act 30: think: I couldn't find soap in cabinet 2. I should check cabinet 3 next.
Obs 30: OK.
