You are in the middle of a room. Looking quickly around you, you see a cabinet 6, a cabinet 5, a cabinet 4, a cabinet 3, a cabinet 2, a cabinet 1, a coffeemachine 1, a countertop 3, a countertop 2, a countertop 1, a drawer 3, a drawer 2, a drawer 1, a fridge 1, a garbagecan 1, a microwave 1, a shelf 3, a shelf 2, a shelf 1, a sinkbasin 1, a stoveburner 4, a stoveburner 3, a stoveburner 2, a stoveburner 1, and a toaster 1.
Your task is to: cool some pan and put it in countertop.
Act 1: think: To solve the task, I need to find and take a pan, then cool it with the fridge, and finally put it on the countertop.
Obs 1: OK.
Act 2: think: First, I need to find a pan. A pan is more likely to appear in stoveburner (1-4), sinkbasin (1), diningtable (1), countertop (1-3), cabinet (1-6), drawer (1-3). I can check one by one, starting with stoveburner 1.
Obs 2: OK.
Act 3: go to stoveburner 1
Obs 3: On the stoveburner 1, you see a pot 1.
Act 4: go to stoveburner 2
Obs 4: On the stoveburner 2, you see a pan 1.
Act 5: take pan 1 from stoveburner 2
Obs 5: You pick up the pan 1 from the stoveburner 2.
Act 6: think: Now I have the pan (1). Next, I need to go to the fridge (1) and cool it.
Obs 6: OK.
Act 7: go to fridge 1
Obs 7: The fridge 1 is closed.
Act 8: cool pan 1 with fridge 1
Obs 8: You cool the pan 1 using the fridge 1.
Act 9: think: Now I have cooled the pan (1). Next, I need to put it on the countertop.
Obs 9: OK.
Act 10: go to countertop 1
Obs 10: On the countertop 1, you see a mug 1.
Act 11: put pan 1 on countertop 1
Obs 11: Nothing happens.
Act 12: put pan 1 on countertop 1
Obs 12: Nothing happens.
Act 13: put pan 1 on countertop 1
Obs 13: Nothing happens.
Act 14: put pan 1 on countertop 1
Obs 14: Nothing happens.
Act 15: put pan 1 on countertop 1
Obs 15: Nothing happens.
Act 16: put pan 1 on countertop 1
Obs 16: Nothing happens.
Act 17: put pan 1 on countertop 1
Obs 17: Nothing happens.
Act 18: put pan 1 on countertop 1
Obs 18: Nothing happens.
Act 19: put pan 1 on countertop 1
Obs 19: Nothing happens.
Act 20: put pan 1 on countertop 2
Obs 20: Nothing happens.
Act 21: put pan 1 on countertop 3
Obs 21: Nothing happens.
Act 22: put pan 1 on shelf 1
Obs 22: Nothing happens.
Act 23: put pan 1 on shelf 2
Obs 23: Nothing happens.
Act 24: put pan 1 on shelf 3
Obs 24: Nothing happens.
Act 25: put pan 1 on cabinet 1
Obs 25: Nothing happens.
Act 26: put pan 1 on cabinet 2
Obs 26: Nothing happens.
Act 27: put pan 1 on cabinet 3
Obs 27: Nothing happens.
Act 28: put pan 1 on cabinet 4
Obs 28: Nothing happens.
Act 29: put pan 1 on cabinet 5
Obs 29: Nothing happens.
Act 30: put pan 1 on cabinet 6
Obs 30: Nothing happens.
