You are in the middle of a room. Looking quickly around you, you see a armchair 1, a cabinet 4, a cabinet 3, a cabinet 2, a cabinet 1, a drawer 5, a drawer 4, a drawer 3, a drawer 2, a drawer 1, a dresser 1, a garbagecan 1, a safe 1, a shelf 12, a shelf 11, a shelf 10, a shelf 9, a shelf 8, a shelf 7, a shelf 6, a shelf 5, a shelf 4, a shelf 3, a shelf 2, a shelf 1, a sidetable 1, and a sofa 1.
Your task is to: put a vase in safe.
Act 1: think: To solve the task, I need to find and take a vase, then put it in the safe.
Obs 1: OK.
Act 2: think: First I need to find a vase. A vase is more likely to appear in a shelf (1-12), cabinet (1-4), drawer (1-5), sidetable (1), dresser (1). I can check one by one, starting with shelf 1.
Obs 2: OK.
Act 3: go to shelf 1
Obs 3: On the shelf 1, you see nothing.
Act 4: go to shelf 2
Obs 4: On the shelf 2, you see nothing.
Act 5: go to shelf 3
Obs 5: Nothing happens.
Act 6: go to shelf 4
Obs 6: On the shelf 4, you see nothing.
Act 7: go to shelf 5
Obs 7: On the shelf 5, you see nothing.
Act 8: go to shelf 6
Obs 8: On the shelf 6, you see a vase 2.
Act 9: take vase 2 from shelf 6
Obs 9: You pick up the vase 2 from the shelf 6.
Act 10: think: Now I find a vase (2). Next, I need to put it in the safe.
Obs 10: OK.
Act 11: go to safe 1
Obs 11: The safe 1 is closed.
Act 12: open safe 1
Obs 12: You open the safe 1. The safe 1 is open. In it, you see a keychain 3.
Act 13: put vase 2 in/on safe 1
Obs 13: You put the vase 2 in/on the safe 1.
Result: Task Success!
