You are in the middle of a room. Looking quickly around you, you see a bed 1, a desk 2, a desk 1, a drawer 6, a drawer 5, a drawer 4, a drawer 3, a drawer 2, a drawer 1, a garbagecan 1, a laundryhamper 1, a safe 1, a shelf 6, a shelf 5, a shelf 4, a shelf 3, a shelf 2, and a shelf 1.
Your task is to: put two cd in safe.
Act 1: think: To solve the task, I need to find and take the first CD, then put it in the safe, then find and take the second CD, then put it in the safe.
Obs 1: OK.
Act 2: think: First I need to find the first CD. A CD is more likely to appear in desk (1-2), drawer (1-6), shelf (1-6). I can check one by one, starting with desk 1.
Obs 2: OK.
Act 3: go to desk 1
Obs 3: On the desk 1, you see a bowl 1, a desklamp 1, a mug 1, and a pen 1.
Act 4: think: I didn't find a CD on desk 1. I should check desk 2 next.
Obs 4: OK.
Act 5: go to desk 2
Obs 5: On the desk 2, you see a bowl 2, a cd 2, a cd 1, a creditcard 3, a mug 2, a pencil 3, and a pencil 2.
Act 6: take cd 1 from desk 2
Obs 6: You pick up the cd 1 from the desk 2.
Act 7: think: Now I find the first CD (1). Next, I need to put it in the safe.
Obs 7: OK.
Act 8: go to safe 1
Obs 8: The safe 1 is closed.
Act 9: open safe 1
Obs 9: You open the safe 1. The safe 1 is open. In it, you see a cellphone 2.
Act 10: think: I can't put the CD in the safe if there is already a cellphone inside. I need to find another safe to put the CD in. I should check drawer (1-6) next.
Obs 10: OK.
Act 11: go to drawer 1
Obs 11: The drawer 1 is closed.
Act 12: open drawer 1
Obs 12: You open the drawer 1. The drawer 1 is open. In it, you see a creditcard 1.
Act 13: go to drawer 2
Obs 13: On the drawer 2, you see a creditcard 2.
Act 14: take cd 1 from desk 2
Obs 14: Nothing happens.
Act 15: think: I can't take the CD from desk 2 again. I should check another location for the second CD. I can try drawer 2 next.
Obs 15: OK.
Act 16: go to drawer 2
Obs 16: Nothing happens.
Act 17: think: I can't find the second CD in drawer 2. I should check another location. I can try drawer 3 next.
Obs 17: OK.
Act 18: go to drawer 3
Obs 18: Nothing happens.
Act 19: think: I can't find the second CD in drawer 3 either. I should check another location. I can try drawer 4 next.
Obs 19: OK.
Act 20: go to drawer 4
Obs 20: The drawer 4 is closed.
Act 21: open drawer 4
Obs 21: You open the drawer 4. The drawer 4 is open. In it, you see nothing.
Act 22: go to drawer 5
Obs 22: On the drawer 5, you see a cd 3, and a pen 2.
Act 23: take cd 3 from drawer 5
Obs 23: Nothing happens.
Act 24: think: I can't take the CD from drawer 5. I should check another location for the second CD. I can try drawer 6 next.
Obs 24: OK.
Act 25: go to drawer 6
Obs 25: The drawer 6 is closed.
Act 26: open drawer 6
Obs 26: You open the drawer 6. The drawer 6 is open. In it, you see a book 3.
Act 27: think: I can't find the second CD in drawer 6. I should check another location. I can try shelf (1-6) next.
Obs 27: OK.
Act 28: go to shelf 1
Obs 28: On the shelf 1, you see a alarmclock 1.
Act 29: think: I can't find the second CD on shelf 1. I should check another location. I can try shelf 2 next.
Obs 29: OK.
Act 30: go to shelf 2
Obs 30: On the shelf 2, you see nothing.
