You are in the middle of a room. Looking quickly around you, you see a cabinet 4, a cabinet 3, a cabinet 2, a cabinet 1, a countertop 1, a garbagecan 1, a handtowelholder 2, a handtowelholder 1, a sinkbasin 2, a sinkbasin 1, a toilet 1, a toiletpaperhanger 1, and a towelholder 1.
Your task is to: find two toiletpaper and put them in cabinet.
Act 1: think: To solve the task, I need to find and take the first toiletpaper, then put it in cabinet, then find and take the second toiletpaper, then put it in cabinet.
Obs 1: OK.
Act 2: think: First I need to find the first toiletpaper. A toiletpaper is more likely to appear in cabinet (1-4), countertop (1), garbagecan (1), handtowelholder (1-2), sinkbasin (1-2), toilet (1), toiletpaperhanger (1), towelholder (1). I can check one by one, starting with cabinet 1.
Obs 2: OK.
Act 3: go to cabinet 1
Obs 3: The cabinet 1 is closed.
Act 4: open cabinet 1
Obs 4: You open the cabinet 1. The cabinet 1 is open. In it, you see a candle 2, and a cloth 1.
Act 5: go to cabinet 2
Obs 5: The cabinet 2 is closed.
Act 6: open cabinet 2
Obs 6: You open the cabinet 2. The cabinet 2 is open. In it, you see a soapbottle 2.
Act 7: go to cabinet 3
Obs 7: The cabinet 3 is closed.
Act 8: open cabinet 3
Obs 8: You open the cabinet 3. The cabinet 3 is open. In it, you see a spraybottle 1.
Act 9: go to cabinet 4
Obs 9: The cabinet 4 is closed.
Act 10: open cabinet 4
Obs 10: You open the cabinet 4. The cabinet 4 is open. In it, you see a cloth 2, and a soapbottle 3.
Act 11: think: Now I find the first toiletpaper. Next, I need to take it. I can find the second toiletpaper later in cabinet 1-4.
Obs 11: OK.
Act 12: go to cabinet 4
Obs 12: Nothing happens.
Act 13: go to cabinet 3
Obs 13: The cabinet 3 is open. In it, you see a spraybottle 1.
Act 14: take spraybottle 1 from cabinet 3
Obs 14: You pick up the spraybottle 1 from the cabinet 3.
Act 15: think: Oops, I mistakenly took the spraybottle instead of the toiletpaper. I need to find the toiletpaper. I can check cabinet 1-4 again.
Obs 15: OK.
Act 16: go to cabinet 1
Obs 16: The cabinet 1 is open. In it, you see a candle 2, and a cloth 1.
Act 17: take cloth 1 from cabinet 1
Obs 17: Nothing happens.
Act 18: think: Oops, I mistakenly took the cloth instead of the toiletpaper. I need to find the toiletpaper. I can check cabinet 2-4 again.
Obs 18: OK.
Act 19: go to cabinet 2
Obs 19: The cabinet 2 is open. In it, you see a soapbottle 2.
Act 20: take soapbottle 2 from cabinet 2
Obs 20: Nothing happens.
Act 21: think: Oops, I mistakenly took the soapbottle instead of the toiletpaper. I need to find the toiletpaper. I can check cabinet 3-4 again.
Obs 21: OK.
Act 22: go to cabinet 3
Obs 22: The cabinet 3 is open. In it, you see nothing.
Act 23: think: The first toiletpaper is not in cabinet 3. I need to check cabinet 4.
Obs 23: OK.
Act 24: go to cabinet 4
Obs 24: The cabinet 4 is open. In it, you see a cloth 2, and a soapbottle 3.
Act 25: take cloth 2 from cabinet 4
Obs 25: Nothing happens.
Act 26: think: Oops, I mistakenly took the cloth instead of the toiletpaper. I need to find the toiletpaper. I can check cabinet 1-2 again.
Obs 26: OK.
Act 27: go to cabinet 1
Obs 27: The cabinet 1 is open. In it, you see a candle 2, and a cloth 1.
Act 28: take candle 2 from cabinet 1
Obs 28: Nothing happens.
Act 29: think: Oops, I mistakenly took the candle instead of the toiletpaper. I need to find the toiletpaper. I can check cabinet 2 again.
Obs 29: OK.
Act 30: go to cabinet 2
Obs 30: The cabinet 2 is open. In it, you see a soapbottle 2.
