You are in the middle of a room. Looking quickly around you, you see a cabinet 6, a cabinet 5, a cabinet 4, a cabinet 3, a cabinet 2, a cabinet 1, a coffeemachine 1, a countertop 3, a countertop 2, a countertop 1, a drawer 3, a drawer 2, a drawer 1, a fridge 1, a garbagecan 1, a microwave 1, a shelf 3, a shelf 2, a shelf 1, a sinkbasin 1, a stoveburner 4, a stoveburner 3, a stoveburner 2, a stoveburner 1, and a toaster 1.
Your task is to: put two peppershaker in drawer.
Act 1: think: To solve the task, I need to find and take the first peppershaker, then put it in drawer, then find and take the second peppershaker, then put it in drawer.
Obs 1: OK.
Act 2: think: First I need to find the first peppershaker. A peppershaker is more likely to appear in cabinet (1-6), countertop (1-3), drawer (1-3), shelf (1-3). I can check one by one, starting with cabinet 1.
Obs 2: OK.
Act 3: go to cabinet 1
Obs 3: On the cabinet 1, you see a mug 2, and a peppershaker 2.
Act 4: take peppershaker 2 from cabinet 1
Obs 4: You pick up the peppershaker 2 from the cabinet 1.
Act 5: think: Now I find the first peppershaker (2). Next, I need to put it in/on drawer 1.
Obs 5: OK.
Act 6: go to drawer 1
Obs 6: The drawer 1 is closed.
Act 7: open drawer 1
Obs 7: You open the drawer 1. The drawer 1 is open. In it, you see a cellphone 1, and a fork 1.
Act 8: put peppershaker 2 in/on drawer 1
Obs 8: You put the peppershaker 2 in/on the drawer 1.
Act 9: think: Now I put the first peppershaker in drawer. Next, I need to find the second peppershaker. I have visited cabinet (1), so the second peppershaker is more likely to appear in countertop (1-3), drawer (1-3), shelf (1-3). I can check one by one, starting with countertop 1.
Obs 9: OK.
Act 10: go to countertop 1
Obs 10: On the countertop 1, you see a cup 1, a fork 2, a mug 3, a soapbottle 3, a soapbottle 2, a spatula 1, and a spoon 1.
Act 11: think: Now I need to find the second peppershaker. I can see that it is not on countertop 1. I should check countertop 2 next.
Obs 11: OK.
Act 12: go to countertop 2
Obs 12: On the countertop 2, you see a butterknife 1, a knife 1, a mug 1, a peppershaker 3, and a tomato 1.
Act 13: take peppershaker 3 from countertop 2
Obs 13: You pick up the peppershaker 3 from the countertop 2.
Act 14: think: Now I find the second peppershaker (3). Next, I need to put it in/on drawer 1.
Obs 14: OK.
Act 15: go to drawer 1
Obs 15: The drawer 1 is open. In it, you see a cellphone 1, a fork 1, and a peppershaker 2.
Act 16: put peppershaker 3 in/on drawer 1
Obs 16: You put the peppershaker 3 in/on the drawer 1.
Result: Task Success!
