You are in the middle of a room. Looking quickly around you, you see a cabinet 6, a cabinet 5, a cabinet 4, a cabinet 3, a cabinet 2, a cabinet 1, a coffeemachine 1, a countertop 3, a countertop 2, a countertop 1, a drawer 3, a drawer 2, a drawer 1, a fridge 1, a garbagecan 1, a microwave 1, a shelf 3, a shelf 2, a shelf 1, a sinkbasin 1, a stoveburner 4, a stoveburner 3, a stoveburner 2, a stoveburner 1, and a toaster 1.
Your task is to: put a clean egg in microwave.
Act 1: think: To solve the task, I need to find and take an egg, then clean it with sinkbasin, then put it in the microwave.
Obs 1: OK.
Act 2: think: First I need to find an egg. An egg is more likely to appear in fridge (1), countertop (1-3), sinkbasin (1), drawer (1-3), cabinet (1-6). I can check one by one, starting with fridge 1.
Obs 2: OK.
Act 3: go to fridge 1
Obs 3: The fridge 1 is closed.
Act 4: open fridge 1
Obs 4: You open the fridge 1. The fridge 1 is open. In it, you see a apple 2, a egg 1, a lettuce 1, a pan 2, a plate 1, and a tomato 1.
Act 5: take egg 1 from fridge 1
Obs 5: You pick up the egg 1 from the fridge 1.
Act 6: think: Now I take an egg (1). Next, I need to go to sinkbasin (1) and clean it.
Obs 6: OK.
Act 7: go to sinkbasin 1
Obs 7: On the sinkbasin 1, you see a butterknife 3, a potato 2, a spoon 3, and a tomato 2.
Act 8: clean egg 1 with sinkbasin 1
Obs 8: You clean the egg 1 using the sinkbasin 1.
Act 9: think: Now I clean an egg (1). Next, I need to put it in/on the microwave.
Obs 9: OK.
Act 10: go to microwave 1
Obs 10: The microwave 1 is closed.
Act 11: open microwave 1
Obs 11: You open the microwave 1. The microwave 1 is open. In it, you see a apple 1, and a potato 1.
Act 12: put egg 1 in/on microwave 1
Obs 12: You put the egg 1 in/on the microwave 1.
Result: Task Success!
