You are in the middle of a room. Looking quickly around you, you see a cabinet 6, a cabinet 5, a cabinet 4, a cabinet 3, a cabinet 2, a cabinet 1, a coffeemachine 1, a countertop 3, a countertop 2, a countertop 1, a drawer 3, a drawer 2, a drawer 1, a fridge 1, a garbagecan 1, a microwave 1, a shelf 3, a shelf 2, a shelf 1, a sinkbasin 1, a stoveburner 4, a stoveburner 3, a stoveburner 2, a stoveburner 1, and a toaster 1.
Your task is to: put some peppershaker on drawer.
Act 1: think: To solve the task, I need to find and take a peppershaker, then put it on the drawer.
Obs 1: OK.
Act 2: think: First I need to find a peppershaker. A peppershaker is more likely to appear in cabinet (1-6), countertop (1-3), drawer (1-3), shelf (1-3). I can check one by one, starting with cabinet 1.
Obs 2: OK.
Act 3: go to cabinet 1
Obs 3: On the cabinet 1, you see a peppershaker 2, and a saltshaker 1.
Act 4: take peppershaker 2 from cabinet 1
Obs 4: You pick up the peppershaker 2 from the cabinet 1.
Act 5: think: Now I take a peppershaker (2). Next, I need to put it on the drawer.
Obs 5: OK.
Act 6: go to drawer 1
Obs 6: The drawer 1 is closed.
Act 7: open drawer 1
Obs 7: You open the drawer 1. The drawer 1 is open. In it, you see a cellphone 1.
Act 8: go to drawer 2
Obs 8: The drawer 2 is closed.
Act 9: open drawer 2
Obs 9: You open the drawer 2. The drawer 2 is open. In it, you see a fork 1, and a saltshaker 2.
Act 10: put peppershaker 2 on drawer 2
Obs 10: Nothing happens.
Act 11: think: I need to put the peppershaker on drawer 2, not drawer 1. Let me try that again.
Obs 11: OK.
Act 12: go to drawer 2
Obs 12: Nothing happens.
Act 13: put peppershaker 2 on drawer 2
Obs 13: Nothing happens.
Act 14: think: It seems like the peppershaker is not fitting properly in drawer 2. I should try putting it in drawer 3 instead.
Obs 14: OK.
Act 15: go to drawer 3
Obs 15: The drawer 3 is closed.
Act 16: open drawer 3
Obs 16: You open the drawer 3. The drawer 3 is open. In it, you see nothing.
Act 17: put peppershaker 2 on drawer 3
Obs 17: Nothing happens.
Act 18: think: It seems like the peppershaker is not fitting properly in drawer 3 either. I should try putting it on countertop 1 instead.
Obs 18: OK.
Act 19: go to countertop 1
Obs 19: On the countertop 1, you see a bowl 3, a glassbottle 1, and a peppershaker 3.
Act 20: put peppershaker 2 on countertop 1
Obs 20: Nothing happens.
Act 21: think: It looks like the peppershaker is already on the countertop 1. I should try putting it on countertop 2 instead.
Obs 21: OK.
Act 22: go to countertop 2
Obs 22: On the countertop 2, you see a apple 1, a cellphone 2, a fork 2, a knife 1, a lettuce 2, a plate 1, a spatula 2, and a spatula 1.
Act 23: put peppershaker 2 on countertop 2
Obs 23: Nothing happens.
Act 24: think: It seems like the peppershaker is not fitting properly on the countertop 2 either. I should try putting it on countertop 3 instead.
Obs 24: OK.
Act 25: go to countertop 3
Obs 25: On the countertop 3, you see a butterknife 1, a fork 3, a houseplant 1, a knife 2, a plate 3, a soapbottle 1, a spoon 1, a statue 3, and a statue 2.
Act 26: put peppershaker 2 on countertop 3
Obs 26: Nothing happens.
Act 27: think: It seems like the peppershaker is not fitting properly on any countertop. I should try putting it on a shelf instead.
Obs 27: OK.
Act 28: go to shelf 1
Obs 28: On the shelf 1, you see a statue 1.
Act 29: put peppershaker 2 on shelf 1
Obs 29: Nothing happens.
Act 30: think: It seems like the peppershaker is not fitting properly on the shelf 1. I should try putting it on shelf 2 instead.
Obs 30: OK.
