You are in the middle of a room. Looking quickly around you, you see a cabinet 6, a cabinet 5, a cabinet 4, a cabinet 3, a cabinet 2, a cabinet 1, a coffeemachine 1, a countertop 3, a countertop 2, a countertop 1, a drawer 3, a drawer 2, a drawer 1, a fridge 1, a garbagecan 1, a microwave 1, a shelf 3, a shelf 2, a shelf 1, a sinkbasin 1, a stoveburner 4, a stoveburner 3, a stoveburner 2, a stoveburner 1, and a toaster 1.
Your task is to: put a hot cup in cabinet.
Act 1: think: To solve the task, I need to find a cup, heat it with the microwave, and then put it in a cabinet.
Obs 1: OK.
Act 2: think: First, I need to find a cup. A cup is more likely to appear in cabinet (1-6), countertop (1-3), drawer (1-3), fridge (1), garbagecan (1), shelf (1-3). I can check one by one, starting with cabinet 1.
Obs 2: OK.
Act 3: go to cabinet 1
Obs 3: On the cabinet 1, you see a pan 1.
Act 4: go to cabinet 2
Obs 4: The cabinet 2 is closed.
Act 5: open cabinet 2
Obs 5: You open the cabinet 2. The cabinet 2 is open. In it, you see nothing.
Act 6: go to cabinet 3
Obs 6: On the cabinet 3, you see a cup 1, and a peppershaker 1.
Act 7: take cup 1 from cabinet 3
Obs 7: You pick up the cup 1 from the cabinet 3.
Act 8: think: Now I have the cup (1). Next, I need to heat it with the microwave.
Obs 8: OK.
Act 9: go to microwave 1
Obs 9: The microwave 1 is closed.
Act 10: heat cup 1 with microwave 1
Obs 10: You heat the cup 1 using the microwave 1.
Act 11: think: Now I have a hot cup (1). Next, I need to put it in a cabinet.
Obs 11: OK.
Act 12: go to cabinet 4
Obs 12: On the cabinet 4, you see a bowl 2, and a bowl 1.
Act 13: put cup 1 in cabinet 4
Obs 13: Nothing happens.
Act 14: go to cabinet 5
Obs 14: The cabinet 5 is closed.
Act 15: open cabinet 5
Obs 15: You open the cabinet 5. The cabinet 5 is open. In it, you see a soapbottle 1.
Act 16: go to cabinet 6
Obs 16: The cabinet 6 is closed.
Act 17: open cabinet 6
Obs 17: You open the cabinet 6. The cabinet 6 is open. In it, you see a glassbottle 2, and a soapbottle 2.
Act 18: put cup 1 in cabinet 6
Obs 18: Nothing happens.
Act 19: go to countertop 1
Obs 19: On the countertop 1, you see a apple 1, a egg 1, a knife 1, and a mug 3.
Act 20: put cup 1 in countertop 1
Obs 20: Nothing happens.
Act 21: go to countertop 2
Obs 21: On the countertop 2, you see a butterknife 1, a cellphone 2, a cellphone 1, a glassbottle 1, a lettuce 2, a lettuce 1, and a pot 2.
Act 22: put cup 1 in countertop 2
Obs 22: Nothing happens.
Act 23: go to countertop 3
Obs 23: On the countertop 3, you see a bread 1, a butterknife 2, a cup 2, a houseplant 1, a spoon 1, a statue 1, a vase 3, and a vase 2.
Act 24: put cup 1 in countertop 3
Obs 24: Nothing happens.
Act 25: go to drawer 1
Obs 25: The drawer 1 is closed.
Act 26: open drawer 1
Obs 26: You open the drawer 1. The drawer 1 is open. In it, you see nothing.
Act 27: go to drawer 2
Obs 27: The drawer 2 is closed.
Act 28: open drawer 2
Obs 28: You open the drawer 2. The drawer 2 is open. In it, you see a cellphone 3.
Act 29: put cup 1 in drawer 2
Obs 29: Nothing happens.
Act 30: go to drawer 3
Obs 30: The drawer 3 is closed.
