You are in the middle of a room. Looking quickly around you, you see a bed 1, a desk 2, a desk 1, a drawer 6, a drawer 5, a drawer 4, a drawer 3, a drawer 2, a drawer 1, a garbagecan 1, a laundryhamper 1, a safe 1, a shelf 6, a shelf 5, a shelf 4, a shelf 3, a shelf 2, and a shelf 1.
Your task is to: put a mug in desk.
Act 1: think: To solve the task, I need to find and take a mug, then put it in desk.
Obs 1: OK.
Act 2: think: First I need to find a mug. A mug is more likely to appear in desk (1-2), drawer (1-6), shelf (1-6), garbagecan (1), laundryhamper (1), safe (1). I can check one by one, starting with desk 1.
Obs 2: OK.
Act 3: go to desk 1
Obs 3: On the desk 1, you see a bowl 1, a cd 2, a creditcard 2, a desklamp 1, a keychain 1, a laptop 2, a pen 2, and a pencil 2.
Act 4: go to desk 2
Obs 4: On the desk 2, you see a alarmclock 1, a book 3, a bowl 2, a creditcard 3, and a keychain 3.
Act 5: think: I didn't find a mug on desk 1 or desk 2. I should check the drawers next.
Obs 5: OK.
Act 6: go to drawer 1
Obs 6: The drawer 1 is closed.
Act 7: open drawer 1
Obs 7: You open the drawer 1. The drawer 1 is open. In it, you see a pen 1.
Act 8: go to drawer 2
Obs 8: On the drawer 2, you see a creditcard 1.
Act 9: go to drawer 3
Obs 9: Nothing happens.
Act 10: go to drawer 4
Obs 10: The drawer 4 is closed.
Act 11: open drawer 4
Obs 11: You open the drawer 4. The drawer 4 is open. In it, you see nothing.
Act 12: go to drawer 5
Obs 12: On the drawer 5, you see a pencil 3.
Act 13: go to drawer 6
Obs 13: The drawer 6 is closed.
Act 14: open drawer 6
Obs 14: You open the drawer 6. The drawer 6 is open. In it, you see nothing.
Act 15: think: I didn't find a mug in any of the drawers. I should check the shelves next.
Obs 15: OK.
Act 16: go to shelf 1
Obs 16: On the shelf 1, you see a mug 2.
Act 17: think: Now I found a mug (2). Next, I need to take it.
Obs 17: OK.
Act 18: take mug 2 from shelf 1
Obs 18: You pick up the mug 2 from the shelf 1.
Act 19: think: Now I have the mug (2). Next, I need to put it in/on desk 1.
Obs 19: OK.
Act 20: go to desk 1
Obs 20: On the desk 1, you see a bowl 1, a cd 2, a creditcard 2, a desklamp 1, a keychain 1, a laptop 2, a pen 2, and a pencil 2.
Act 21: put mug 2 in/on desk 1
Obs 21: You put the mug 2 in/on the desk 1.
Result: Task Success!
