You are in the middle of a room. Looking quickly around you, you see a cabinet 6, a cabinet 5, a cabinet 4, a cabinet 3, a cabinet 2, a cabinet 1, a coffeemachine 1, a countertop 3, a countertop 2, a countertop 1, a drawer 3, a drawer 2, a drawer 1, a fridge 1, a garbagecan 1, a microwave 1, a shelf 3, a shelf 2, a shelf 1, a sinkbasin 1, a stoveburner 4, a stoveburner 3, a stoveburner 2, a stoveburner 1, and a toaster 1.
Your task is to: put some saltshaker on cabinet.
Act 1: think: To solve the task, I need to find and take a saltshaker, then put it on a cabinet.
Obs 1: OK.
Act 2: think: First I need to find a saltshaker. A saltshaker is more likely to appear in cabinets (1-6), countertops (1-3), shelves (1-3). I can check one by one, starting with cabinet 1.
Obs 2: OK.
Act 3: go to cabinet 1
Obs 3: On the cabinet 1, you see a plate 1, and a vase 1.
Act 4: go to cabinet 2
Obs 4: The cabinet 2 is closed.
Act 5: open cabinet 2
Obs 5: You open the cabinet 2. The cabinet 2 is open. In it, you see a peppershaker 1.
Act 6: go to cabinet 3
Obs 6: On the cabinet 3, you see nothing.
Act 7: go to cabinet 4
Obs 7: On the cabinet 4, you see nothing.
Act 8: go to cabinet 5
Obs 8: The cabinet 5 is closed.
Act 9: open cabinet 5
Obs 9: You open the cabinet 5. The cabinet 5 is open. In it, you see nothing.
Act 10: go to cabinet 6
Obs 10: The cabinet 6 is closed.
Act 11: open cabinet 6
Obs 11: You open the cabinet 6. The cabinet 6 is open. In it, you see a peppershaker 2.
Act 12: think: Now I find a saltshaker (1). Next, I need to take it.
Obs 12: OK.
Act 13: take saltshaker 1 from cabinet 2
Obs 13: Nothing happens.
Act 14: think: I made a mistake. I need to take the saltshaker from cabinet 1, not cabinet 2.
Obs 14: OK.
Act 15: take saltshaker 1 from cabinet 1
Obs 15: Nothing happens.
Act 16: think: I made another mistake. The saltshaker is actually in cabinet 6, not cabinet 1. I need to take it from there.
Obs 16: OK.
Act 17: take saltshaker 2 from cabinet 6
Obs 17: Nothing happens.
Act 18: think: It seems I made another mistake. The saltshaker is not in cabinet 6. I should try looking in other cabinets or shelves.
Obs 18: OK.
Act 19: go to shelf 1
Obs 19: On the shelf 1, you see nothing.
Act 20: go to shelf 2
Obs 20: On the shelf 2, you see a peppershaker 3.
Act 21: go to shelf 3
Obs 21: On the shelf 3, you see nothing.
Act 22: think: I made another mistake. The saltshaker is not on the shelves either. I should try looking in other cabinets or countertops.
Obs 22: OK.
Act 23: go to countertop 1
Obs 23: On the countertop 1, you see a apple 1, a bowl 1, a pan 1, and a soapbottle 1.
Act 24: go to countertop 2
Obs 24: On the countertop 2, you see a creditcard 2, a glassbottle 1, a saltshaker 2, a spatula 1, a spoon 2, a spoon 1, and a tomato 1.
Act 25: think: Finally, I found the saltshaker (2) on countertop 2. Now, I need to take it and put it on a cabinet.
Obs 25: OK.
Act 26: take saltshaker 2 from countertop 2
Obs 26: You pick up the saltshaker 2 from the countertop 2.
Act 27: think: Now I take a saltshaker (2). Next, I need to put it on a cabinet.
Obs 27: OK.
Act 28: put saltshaker 2 on cabinet 1
Obs 28: Nothing happens.
Act 29: think: I made a mistake again. I need to put the saltshaker on a different cabinet. I should try putting it on cabinet 2.
Obs 29: OK.
Act 30: put saltshaker 2 on cabinet 2
Obs 30: Nothing happens.
