You are in the middle of a room. Looking quickly around you, you see a cabinet 6, a cabinet 5, a cabinet 4, a cabinet 3, a cabinet 2, a cabinet 1, a coffeemachine 1, a countertop 3, a countertop 2, a countertop 1, a drawer 3, a drawer 2, a drawer 1, a fridge 1, a garbagecan 1, a microwave 1, a shelf 3, a shelf 2, a shelf 1, a sinkbasin 1, a stoveburner 4, a stoveburner 3, a stoveburner 2, a stoveburner 1, and a toaster 1.
Your task is to: put a hot cup in cabinet.
Act 1: think: To solve the task, I need to find a cup, then heat it with the microwave, and finally put it in the cabinet.
Obs 1: OK.
Act 2: think: First, I need to find a cup. A cup is more likely to appear in cabinet (1-6), countertop (1-3), drawer (1-3), fridge (1), garbagecan (1), shelf (1-3). I can check one by one, starting with cabinet 1.
Obs 2: OK.
Act 3: go to cabinet 1
Obs 3: On the cabinet 1, you see a saltshaker 1.
Act 4: go to cabinet 2
Obs 4: The cabinet 2 is closed.
Act 5: open cabinet 2
Obs 5: You open the cabinet 2. The cabinet 2 is open. In it, you see a cup 2, and a vase 1.
Act 6: take cup 2 from cabinet 2
Obs 6: You pick up the cup 2 from the cabinet 2.
Act 7: think: Now I have the cup (2). Next, I need to go to the microwave (1) and heat it.
Obs 7: OK.
Act 8: go to microwave 1
Obs 8: The microwave 1 is closed.
Act 9: heat cup 2 with microwave 1
Obs 9: You heat the cup 2 using the microwave 1.
Act 10: think: Now I have a hot cup (2). Next, I need to put it in the cabinet.
Obs 10: OK.
Act 11: go to cabinet 1
Obs 11: On the cabinet 1, you see a saltshaker 1.
Act 12: put cup 2 in cabinet 1
Obs 12: Nothing happens.
Act 13: put cup 2 in cabinet 2
Obs 13: Nothing happens.
Act 14: put cup 2 in cabinet 3
Obs 14: Nothing happens.
Act 15: put cup 2 in cabinet 4
Obs 15: Nothing happens.
Act 16: put cup 2 in cabinet 5
Obs 16: Nothing happens.
Act 17: put cup 2 in cabinet 6
Obs 17: Nothing happens.
Act 18: put cup 2 on countertop 1
Obs 18: Nothing happens.
Act 19: put cup 2 on countertop 2
Obs 19: Nothing happens.
Act 20: put cup 2 on countertop 3
Obs 20: Nothing happens.
Act 21: put cup 2 on shelf 1
Obs 21: Nothing happens.
Act 22: put cup 2 on shelf 2
Obs 22: Nothing happens.
Act 23: put cup 2 on shelf 3
Obs 23: Nothing happens.
Act 24: put cup 2 in fridge 1
Obs 24: Nothing happens.
Act 25: put cup 2 in garbagecan 1
Obs 25: Nothing happens.
Act 26: put cup 2 in drawer 1
Obs 26: Nothing happens.
Act 27: put cup 2 in drawer 2
Obs 27: Nothing happens.
Act 28: put cup 2 in drawer 3
Obs 28: Nothing happens.
Act 29: put cup 2 in cabinet 1
Obs 29: Nothing happens.
Act 30: put cup 2 in cabinet 2
Obs 30: Nothing happens.
