You are in the middle of a room. Looking quickly around you, you see a armchair 1, a cabinet 4, a cabinet 3, a cabinet 2, a cabinet 1, a drawer 5, a drawer 4, a drawer 3, a drawer 2, a drawer 1, a dresser 1, a garbagecan 1, a safe 1, a shelf 12, a shelf 11, a shelf 10, a shelf 9, a shelf 8, a shelf 7, a shelf 6, a shelf 5, a shelf 4, a shelf 3, a shelf 2, a shelf 1, a sidetable 1, and a sofa 1.
Your task is to: put some watch on safe.
Act 1: > think: To solve the task, I need to find and take a watch, then put it on safe.
Obs 1: OK.
Act 2: > think: First I need to find a watch. A watch is more likely to appear in drawers (1-5), dressers (1), cabinets (1-4), shelves (1-12), sidetables (1), and safes (1). I can check one by one, starting with drawer 1.
Obs 2: OK.
Act 3: > go to drawer 1
Obs 3: Nothing happens.
Act 4: > go to drawer 1
Obs 4: Nothing happens.
Act 5: > go to drawer 1
Obs 5: Nothing happens.
Act 6: > go to drawer 1
Obs 6: Nothing happens.
Act 7: > go to drawer 1
Obs 7: Nothing happens.
Act 8: > go to drawer 1
Obs 8: Nothing happens.
Act 9: > go to drawer 1
Obs 9: Nothing happens.
Act 10: > go to drawer 1
Obs 10: Nothing happens.
Act 11: > go to drawer 1
Obs 11: Nothing happens.
Act 12: > go to drawer 1
Obs 12: Nothing happens.
Act 13: > go to drawer 1
Obs 13: Nothing happens.
Act 14: > go to drawer 1
Obs 14: Nothing happens.
Act 15: > go to drawer 1
Obs 15: Nothing happens.
Act 16: > go to drawer 1
Obs 16: Nothing happens.
Act 17: > go to drawer 1
Obs 17: Nothing happens.
Act 18: > go to drawer 1
Obs 18: Nothing happens.
Act 19: > go to drawer 1
Obs 19: Nothing happens.
Act 20: > go to drawer 1
Obs 20: Nothing happens.
Act 21: > go to drawer 1
Obs 21: Nothing happens.
Act 22: > go to drawer 1
Obs 22: Nothing happens.
Act 23: > go to drawer 1
Obs 23: Nothing happens.
Act 24: > go to drawer 1
Obs 24: Nothing happens.
Act 25: > go to drawer 1
Obs 25: Nothing happens.
Act 26: > > go to drawer 1
Obs 26: Nothing happens.
Act 27: > go to drawer 1
Obs 27: Nothing happens.
Act 28: > go to drawer 1
Obs 28: Nothing happens.
Act 29: > go to drawer 1
Obs 29: Nothing happens.
Act 30: > go to drawer 1
Obs 30: Nothing happens.
