You are in the middle of a room. Looking quickly around you, you see a bed 1, a desk 2, a desk 1, a drawer 6, a drawer 5, a drawer 4, a drawer 3, a drawer 2, a drawer 1, a garbagecan 1, a laundryhamper 1, a safe 1, a shelf 6, a shelf 5, a shelf 4, a shelf 3, a shelf 2, and a shelf 1.
Your task is to: look at bowl under the desklamp.
Act 1: think: To solve the task, I need to find and take a bowl, then find and use a desklamp. First I need to find a bowl. A bowl is more likely to appear in drawer (1-6), shelf (1-6), bed (1), garbagecan (1), laundryhamper (1). I can check one by one, starting with drawer 1.
Obs 1: OK.
Act 2: go to drawer 1
Obs 2: The drawer 1 is closed.
Act 3: open drawer 1
Obs 3: You open the drawer 1. The drawer 1 is open. In it, you see a cellphone 2.
Act 4: go to drawer 2
Obs 4: On the drawer 2, you see a keychain 1.
Act 5: go to drawer 3
Obs 5: Nothing happens.
Act 6: go to drawer 3
Obs 6: Nothing happens.
Act 7: go to drawer 3
Obs 7: Nothing happens.
Act 8: go to drawer 3
Obs 8: Nothing happens.
Act 9: go to drawer 3
Obs 9: Nothing happens.
Act 10: go to drawer 4
Obs 10: The drawer 4 is closed.
Act 11: open drawer 4
Obs 11: You open the drawer 4. The drawer 4 is open. In it, you see nothing.
Act 12: go to drawer 5
Obs 12: On the drawer 5, you see nothing.
Act 13: go to drawer 6
Obs 13: The drawer 6 is closed.
Act 14: open drawer 6
Obs 14: You open the drawer 6. The drawer 6 is open. In it, you see a book 2, and a pen 2.
Act 15: go to shelf 1
Obs 15: On the shelf 1, you see a pencil 2.
Act 16: go to shelf 2
Obs 16: On the shelf 2, you see a pen 1.
Act 17: go to shelf 3
Obs 17: On the shelf 3, you see a desklamp 1, and a pencil 1.
Act 18: go to shelf 4
Obs 18: On the shelf 4, you see a alarmclock 2, and a pencil 3.
Act 19: go to shelf 5
Obs 19: On the shelf 5, you see a creditcard 2.
Act 20: go to shelf 6
Obs 20: On the shelf 6, you see nothing.
Act 21: go to bed 1
Obs 21: On the bed 1, you see a book 1, a laptop 1, a pillow 2, and a pillow 1.
Act 22: go to laundryhamper 1
Obs 22: On the laundryhamper 1, you see nothing.
Act 23: go to garbagecan 1
Obs 23: On the garbagecan 1, you see nothing.
Act 24: > think: I have checked all the likely places for a bowl and haven't found one yet. I should consider other possibilities or re-check the locations.
Obs 24: OK.
Act 25: > think: Since I haven't found a bowl yet, I should re-check the shelves and drawers more carefully, as sometimes items can be hidden or not immediately visible. I'll start with the shelves again.
Obs 25: OK.
Act 26: > go to shelf 1
Obs 26: Nothing happens.
Act 27: > go to shelf 1
Obs 27: Nothing happens.
Act 28: > go to shelf 1
Obs 28: Nothing happens.
Act 29: > go to shelf 2
Obs 29: Nothing happens.
Act 30: > go to shelf 2
Obs 30: Nothing happens.
