You are in the middle of a room. Looking quickly around you, you see a cabinet 6, a cabinet 5, a cabinet 4, a cabinet 3, a cabinet 2, a cabinet 1, a coffeemachine 1, a countertop 3, a countertop 2, a countertop 1, a drawer 3, a drawer 2, a drawer 1, a fridge 1, a garbagecan 1, a microwave 1, a shelf 3, a shelf 2, a shelf 1, a sinkbasin 1, a stoveburner 4, a stoveburner 3, a stoveburner 2, a stoveburner 1, and a toaster 1.
Your task is to: heat some egg and put it in garbagecan.
Act 1: > think: To solve the task, I need to find and take an egg, then heat it with microwave, then put it in garbagecan.
Obs 1: OK.
Act 2: > think: First I need to find an egg. An egg is more likely to appear in fridge (1), countertop (1-3), drawer (1-3), cabinet (1-6), or on the stoveburners (1-4). I can check one by one, starting with fridge 1.
Obs 2: OK.
Act 3: > open fridge 1
Obs 3: Nothing happens.
Act 4: > go to fridge 1
Obs 4: Nothing happens.
Act 5: > open fridge 1
Obs 5: Nothing happens.
Act 6: > go to countertop 1
Obs 6: Nothing happens.
Act 7: > go to countertop 1
Obs 7: Nothing happens.
Act 8: > go to countertop 1
Obs 8: Nothing happens.
Act 9: > think: Since the fridge and countertops did not yield an egg, I should check the drawers and cabinets next.
Obs 9: OK.
Act 10: > go to drawer 1
Obs 10: Nothing happens.
Act 11: > open drawer 1
Obs 11: Nothing happens.
Act 12: > go to drawer 2
Obs 12: Nothing happens.
Act 13: > open drawer 2
Obs 13: Nothing happens.
Act 14: > go to drawer 3
Obs 14: Nothing happens.
Act 15: > open drawer 3
Obs 15: Nothing happens.
Act 16: > think: Since the drawers did not yield an egg, I should check the cabinets next.
Obs 16: OK.
Act 17: > go to cabinet 1
Obs 17: Nothing happens.
Act 18: > open cabinet 1
Obs 18: Nothing happens.
Act 19: > go to cabinet 2
Obs 19: Nothing happens.
Act 20: > open cabinet 2
Obs 20: Nothing happens.
Act 21: > go to cabinet 3
Obs 21: Nothing happens.
Act 22: > open cabinet 3
Obs 22: Nothing happens.
Act 23: > go to cabinet 4
Obs 23: Nothing happens.
Act 24: > open cabinet 4
Obs 24: Nothing happens.
Act 25: > go to cabinet 5
Obs 25: Nothing happens.
Act 26: > open cabinet 5
Obs 26: Nothing happens.
Act 27: > go to cabinet 6
Obs 27: Nothing happens.
Act 28: > open cabinet 6
Obs 28: Nothing happens.
Act 29: > think: Since the cabinets did not yield an egg, I should check the stoveburners next.
Obs 29: OK.
Act 30: > go to stoveburner 1
Obs 30: Nothing happens.
