You are in the middle of a room. Looking quickly around you, you see a cabinet 6, a cabinet 5, a cabinet 4, a cabinet 3, a cabinet 2, a cabinet 1, a coffeemachine 1, a countertop 3, a countertop 2, a countertop 1, a drawer 3, a drawer 2, a drawer 1, a fridge 1, a garbagecan 1, a microwave 1, a shelf 3, a shelf 2, a shelf 1, a sinkbasin 1, a stoveburner 4, a stoveburner 3, a stoveburner 2, a stoveburner 1, and a toaster 1.
Your task is to: put a clean plate in countertop.
Act 1: > think: To solve the task, I need to find and take a plate, then clean it with sinkbasin, then put it in countertop.
Obs 1: OK.
Act 2: > think: First I need to find a plate. A plate is more likely to appear in cabinets (1-6), countertops (1-3), drawers (1-3), diningtable (if present), or shelves (1-3). I can check one by one, starting with cabinet 1.
Obs 2: OK.
Act 3: > go to cabinet 1
Obs 3: Nothing happens.
Act 4: > open cabinet 1
Obs 4: Nothing happens.
Act 5: > go to cabinet 1
Obs 5: Nothing happens.
Act 6: > go to cabinet 1
Obs 6: Nothing happens.
Act 7: > think: To solve the task, I need to find and take a plate, then clean it with sinkbasin, then put it in countertop.
Obs 7: OK.
Act 8: > think: First I need to find a plate. A plate is more likely to appear in cabinets (1-6), countertops (1-3), drawers (1-3), diningtable (if present), or shelves (1-3). I can check one by one, starting with cabinet 1.
Obs 8: OK.
Act 9: > go to cabinet 1
Obs 9: Nothing happens.
Act 10: > go to cabinet 1
Obs 10: Nothing happens.
Act 11: > go to cabinet 1
Obs 11: Nothing happens.
Act 12: > think: To solve the task, I need to find and take a plate, then clean it with sinkbasin, then put it in countertop.
Obs 12: OK.
Act 13: > think: First I need to find a plate. A plate is more likely to appear in cabinets (1-6), countertops (1-3), drawers (1-3), diningtable (if present), or shelves (1-3). I can check one by one, starting with cabinet 1.
Obs 13: OK.
Act 14: > go to cabinet 1
Obs 14: Nothing happens.
Act 15: > go to cabinet 1
Obs 15: Nothing happens.
Act 16: > go to cabinet 1
Obs 16: Nothing happens.
Act 17: > think: To solve the task, I need to find and take a plate, then clean it with sinkbasin, then put it in countertop.
Obs 17: OK.
Act 18: > think: To solve the task, I need to find and take a plate, then clean it with sinkbasin, then put it in countertop.
Obs 18: OK.
Act 19: > think: First I need to find a plate. A plate is more likely to appear in cabinets (1-6), countertops (1-3), drawers (1-3), diningtable (if present), or shelves (1-3). I can check one by one, starting with cabinet 1.
Obs 19: OK.
Act 20: > go to cabinet 1
Obs 20: Nothing happens.
Act 21: > go to cabinet 1
Obs 21: Nothing happens.
Act 22: > go to cabinet 1
Obs 22: Nothing happens.
Act 23: > think: To solve the task, I need to find and take a plate, then clean it with sinkbasin, then put it in countertop.
Obs 23: OK.
Act 24: > think: To solve the task, I need to find and take a plate, then clean it with sinkbasin, then put it in countertop.
Obs 24: OK.
Act 25: > think: First I need to find a plate. A plate is more likely to appear in cabinets (1-6), countertops (1-3), drawers (1-3), diningtable (if present), or shelves (1-3). I can check one by one, starting with cabinet 1.
Obs 25: OK.
Act 26: > go to cabinet 1
Obs 26: Nothing happens.
Act 27: > go to cabinet 1
Obs 27: Nothing happens.
Act 28: > go to cabinet 1
Obs 28: Nothing happens.
Act 29: > think: To solve the task, I need to find and take a plate, then clean it with sinkbasin, then put it in countertop.
Obs 29: OK.
Act 30: > think: To solve the task, I need to find and take a plate, then clean it with sinkbasin, then put it in countertop.
Obs 30: OK.
