You are in the middle of a room. Looking quickly around you, you see a cabinet 4, a cabinet 3, a cabinet 2, a cabinet 1, a countertop 1, a garbagecan 1, a handtowelholder 2, a handtowelholder 1, a sinkbasin 2, a sinkbasin 1, a toilet 1, a toiletpaperhanger 1, and a towelholder 1.
Your task is to: clean some cloth and put it in cabinet.
Act 1: > think: To solve the task, I need to find and take a cloth, then clean it with sinkbasin, then put it in cabinet.
Obs 1: OK.
Act 2: > think: First I need to find a cloth. A cloth is more likely to appear in cabinets (1-4), countertop (1), garbagecan (1), handtowelholder (1-2), sinkbasin (1-2), toilet (1), toiletpaperhanger (1), and towelholder (1). I can check one by one, starting with cabinet 1.
Obs 2: OK.
Act 3: > go to cabinet 1
Obs 3: Nothing happens.
Act 4: > open cabinet 1
Obs 4: Nothing happens.
Act 5: > go to cabinet 1
Obs 5: Nothing happens.
Act 6: > go to cabinet 1
Obs 6: Nothing happens.
Act 7: > go to cabinet 1
Obs 7: Nothing happens.
Act 8: > go to cabinet 1
Obs 8: Nothing happens.
Act 9: > go to cabinet 1
Obs 9: Nothing happens.
Act 10: > go to cabinet 1
Obs 10: Nothing happens.
Act 11: > go to cabinet 1
Obs 11: Nothing happens.
Act 12: > go to cabinet 1
Obs 12: Nothing happens.
Act 13: > go to cabinet 1
Obs 13: Nothing happens.
Act 14: > go to cabinet 1
Obs 14: Nothing happens.
Act 15: > go to cabinet 1
Obs 15: Nothing happens.
Act 16: > go to cabinet 1
Obs 16: Nothing happens.
Act 17: > go to cabinet 1
Obs 17: Nothing happens.
Act 18: > go to cabinet 1
Obs 18: Nothing happens.
Act 19: > go to cabinet 1
Obs 19: Nothing happens.
Act 20: > go to cabinet 1
Obs 20: Nothing happens.
Act 21: > go to cabinet 1
Obs 21: Nothing happens.
Act 22: > go to cabinet 1
Obs 22: Nothing happens.
Act 23: > go to cabinet 1
Obs 23: Nothing happens.
Act 24: > go to cabinet 1
Obs 24: Nothing happens.
Act 25: > go to cabinet 1
Obs 25: Nothing happens.
Act 26: > go to cabinet 1
Obs 26: Nothing happens.
Act 27: > go to cabinet 1
Obs 27: Nothing happens.
Act 28: > go to cabinet 1
Obs 28: Nothing happens.
Act 29: > go to cabinet 1
Obs 29: Nothing happens.
Act 30: > go to cabinet 1
Obs 30: Nothing happens.
