You are in the middle of a room. Looking quickly around you, you see a cabinet 6, a cabinet 5, a cabinet 4, a cabinet 3, a cabinet 2, a cabinet 1, a coffeemachine 1, a countertop 3, a countertop 2, a countertop 1, a drawer 3, a drawer 2, a drawer 1, a fridge 1, a garbagecan 1, a microwave 1, a shelf 3, a shelf 2, a shelf 1, a sinkbasin 1, a stoveburner 4, a stoveburner 3, a stoveburner 2, a stoveburner 1, and a toaster 1.
Your task is to: heat some egg and put it in garbagecan.
Act 1: > think: To solve the task, I need to find and take an egg, then heat it with microwave, then put it in garbagecan.
Obs 1: OK.
Act 2: > think: First I need to find an egg. An egg is more likely to appear in fridge (1), countertop (1-3), drawer (1-3), cabinet (1-6), or on the stoveburners (1-4). I can check one by one, starting with fridge 1.
Obs 2: OK.
Act 3: > go to fridge 1
Obs 3: Nothing happens.
Act 4: > open fridge 1
Obs 4: Nothing happens.
Act 5: > go to countertop 1
Obs 5: Nothing happens.
Act 6: > go to countertop 2
Obs 6: Nothing happens.
Act 7: > go to countertop 3
Obs 7: Nothing happens.
Act 8: > go to drawer 1
Obs 8: Nothing happens.
Act 9: > go to drawer 2
Obs 9: Nothing happens.
Act 10: > go to drawer 3
Obs 10: Nothing happens.
Act 11: > go to cabinet 1
Obs 11: Nothing happens.
Act 12: > go to cabinet 2
Obs 12: Nothing happens.
Act 13: > go to cabinet 3
Obs 13: Nothing happens.
Act 14: > go to cabinet 4
Obs 14: Nothing happens.
Act 15: > go to cabinet 5
Obs 15: Nothing happens.
Act 16: > go to cabinet 6
Obs 16: Nothing happens.
Act 17: > go to stoveburner 1
Obs 17: Nothing happens.
Act 18: > go to stoveburner 2
Obs 18: Nothing happens.
Act 19: > go to stoveburner 3
Obs 19: Nothing happens.
Act 20: > go to stoveburner 4
Obs 20: Nothing happens.
Act 21: > think: It seems like there are no eggs in the current visible locations. I should check the other possible locations again.
Obs 21: OK.
Act 22: > go to fridge 1
Obs 22: Nothing happens.
Act 23: > open fridge 1
Obs 23: Nothing happens.
Act 24: > go to countertop 1
Obs 24: Nothing happens.
Act 25: > go to countertop 2
Obs 25: Nothing happens.
Act 26: > go to countertop 3
Obs 26: Nothing happens.
Act 27: > go to drawer 1
Obs 27: Nothing happens.
Act 28: > go to drawer 2
Obs 28: Nothing happens.
Act 29: > go to drawer 3
Obs 29: Nothing happens.
Act 30: > go to cabinet 1
Obs 30: Nothing happens.
