You are in the middle of a room. Looking quickly around you, you see a bed 1, a desk 2, a desk 1, a drawer 6, a drawer 5, a drawer 4, a drawer 3, a drawer 2, a drawer 1, a garbagecan 1, a laundryhamper 1, a safe 1, a shelf 6, a shelf 5, a shelf 4, a shelf 3, a shelf 2, and a shelf 1.
Your task is to: look at bowl under the desklamp.
Act 1: think: To solve the task, I need to find and take a bowl, then find and use a desklamp. First I need to find a bowl. A bowl is more likely to appear in drawer (1-6), desk (1-2), shelf (1-6), garbagecan (1), laundryhamper (1). I can check one by one, starting with drawer 1.
Obs 1: OK.
Act 2: go to drawer 1
Obs 2: The drawer 1 is closed.
Act 3: open drawer 1
Obs 3: You open the drawer 1. The drawer 1 is open. In it, you see a cellphone 2.
Act 4: go to drawer 2
Obs 4: On the drawer 2, you see a keychain 1.
Act 5: go to drawer 3
Obs 5: Nothing happens.
Act 6: go to drawer 3
Obs 6: Nothing happens.
Act 7: go to drawer 3
Obs 7: Nothing happens.
Act 8: go to drawer 3
Obs 8: Nothing happens.
Act 9: go to drawer 3
Obs 9: Nothing happens.
Act 10: go to drawer 3
Obs 10: Nothing happens.
Act 11: go to drawer 3
Obs 11: Nothing happens.
Act 12: go to drawer 3
Obs 12: Nothing happens.
Act 13: go to drawer 3
Obs 13: Nothing happens.
Act 14: go to drawer 3
Obs 14: Nothing happens.
Act 15: go to drawer 4
Obs 15: The drawer 4 is closed.
Act 16: open drawer 4
Obs 16: You open the drawer 4. The drawer 4 is open. In it, you see nothing.
Act 17: go to drawer 5
Obs 17: On the drawer 5, you see nothing.
Act 18: go to drawer 6
Obs 18: The drawer 6 is closed.
Act 19: open drawer 6
Obs 19: You open the drawer 6. The drawer 6 is open. In it, you see a book 2, and a pen 2.
Act 20: go to shelf 1
Obs 20: On the shelf 1, you see a pencil 2.
Act 21: go to shelf 2
Obs 21: On the shelf 2, you see a pen 1.
Act 22: go to shelf 3
Obs 22: On the shelf 3, you see a desklamp 1, and a pencil 1.
Act 23: go to shelf 4
Obs 23: On the shelf 4, you see a alarmclock 2, and a pencil 3.
Act 24: go to shelf 5
Obs 24: On the shelf 5, you see a creditcard 2.
Act 25: go to shelf 6
Obs 25: On the shelf 6, you see nothing.
Act 26: go to desk 1
Obs 26: On the desk 1, you see a alarmclock 1, a desklamp 1, a mug 1, and a pencil 1.
Act 27: go to desk 2
Obs 27: On the desk 2, you see a bowl 2, a bowl 1, a cd 2, a cd 1, and a creditcard 3.
Act 28: think: Now I find a bowl (1 and 2). Next, I need to take one of them.
Obs 28: OK.
Act 29: take bowl 1 from desk 2
Obs 29: You pick up the bowl 1 from the desk 2.
Act 30: think: Now I have a bowl (1). Next, I need to find a desklamp. A desklamp is more likely to appear on desks (1-2), shelves (1-6). I can check one by one, starting with desk 1.
Obs 30: OK.
