You are in the middle of a room. Looking quickly around you, you see a cabinet 6, a cabinet 5, a cabinet 4, a cabinet 3, a cabinet 2, a cabinet 1, a coffeemachine 1, a countertop 3, a countertop 2, a countertop 1, a drawer 3, a drawer 2, a drawer 1, a fridge 1, a garbagecan 1, a microwave 1, a shelf 3, a shelf 2, a shelf 1, a sinkbasin 1, a stoveburner 4, a stoveburner 3, a stoveburner 2, a stoveburner 1, and a toaster 1.
Your task is to: cool some lettuce and put it in countertop.
Act 1: > think: To solve the task, I need to find and take a lettuce, then cool it with fridge, then put it in countertop.
Obs 1: OK.
Act 2: > think: First I need to find a lettuce. A lettuce is more likely to appear in countertop (1-3), fridge (1), cabinet (1-6), drawer (1-3). I can check one by one, starting with countertop 1.
Obs 2: OK.
Act 3: > go to countertop 1
Obs 3: Nothing happens.
Act 4: > go to countertop 1
Obs 4: Nothing happens.
Act 5: > go to countertop 1
Obs 5: Nothing happens.
Act 6: > go to countertop 1
Obs 6: Nothing happens.
Act 7: > go to countertop 1
Obs 7: Nothing happens.
Act 8: > go to countertop 1
Obs 8: Nothing happens.
Act 9: > go to countertop 1
Obs 9: Nothing happens.
Act 10: > go to countertop 1
Obs 10: Nothing happens.
Act 11: > go to countertop 1
Obs 11: Nothing happens.
Act 12: > go to countertop 1
Obs 12: Nothing happens.
Act 13: > go to countertop 1
Obs 13: Nothing happens.
Act 14: > go to countertop 1
Obs 14: Nothing happens.
Act 15: > go to countertop 1
Obs 15: Nothing happens.
Act 16: > go to countertop 1
Obs 16: Nothing happens.
Act 17: > go to countertop 1
Obs 17: Nothing happens.
Act 18: > go to countertop 1
Obs 18: Nothing happens.
Act 19: > go to countertop 1
Obs 19: Nothing happens.
Act 20: > go to countertop 1
Obs 20: Nothing happens.
Act 21: > go to countertop 1
Obs 21: Nothing happens.
Act 22: > go to countertop 1
Obs 22: Nothing happens.
Act 23: > go to countertop 1
Obs 23: Nothing happens.
Act 24: > go to countertop 1
Obs 24: Nothing happens.
Act 25: > go to countertop 1
Obs 25: Nothing happens.
Act 26: > go to countertop 1
Obs 26: Nothing happens.
Act 27: > go to countertop 1
Obs 27: Nothing happens.
Act 28: > go to countertop 1
Obs 28: Nothing happens.
Act 29: > go to countertop 1
Obs 29: Nothing happens.
Act 30: > go to countertop 1
Obs 30: Nothing happens.
