You are in the middle of a room. Looking quickly around you, you see a bed 1, a desk 2, a desk 1, a drawer 6, a drawer 5, a drawer 4, a drawer 3, a drawer 2, a drawer 1, a garbagecan 1, a laundryhamper 1, a safe 1, a shelf 6, a shelf 5, a shelf 4, a shelf 3, a shelf 2, and a shelf 1.
Your task is to: put a pencil in shelf.
Act 1: > think: To solve the task, I need to find and take a pencil, then put it in/on a shelf.
Obs 1: OK.
Act 2: > think: First I need to find a pencil. A pencil is more likely to appear in desks (1-2), drawers (1-6), shelves (1-6), or garbagecan (1). I can check one by one, starting with desk 1.
Obs 2: OK.
Act 3: > go to desk 1
Obs 3: Nothing happens.
Act 4: > go to desk 1
Obs 4: Nothing happens.
Act 5: > go to desk 1
Obs 5: Nothing happens.
Act 6: > go to desk 1
Obs 6: Nothing happens.
Act 7: > go to desk 1
Obs 7: Nothing happens.
Act 8: > go to desk 1
Obs 8: Nothing happens.
Act 9: > go to desk 1
Obs 9: Nothing happens.
Act 10: > go to desk 1
Obs 10: Nothing happens.
Act 11: > go to desk 1
Obs 11: Nothing happens.
Act 12: > go to desk 1
Obs 12: Nothing happens.
Act 13: > go to desk 1
Obs 13: Nothing happens.
Act 14: > go to desk 1
Obs 14: Nothing happens.
Act 15: > go to desk 1
Obs 15: Nothing happens.
Act 16: > go to desk 1
Obs 16: Nothing happens.
Act 17: > go to desk 1
Obs 17: Nothing happens.
Act 18: > go to desk 1
Obs 18: Nothing happens.
Act 19: > go to desk 1
Obs 19: Nothing happens.
Act 20: > go to desk 1
Obs 20: Nothing happens.
Act 21: > go to desk 1
Obs 21: Nothing happens.
Act 22: > go to desk 1
Obs 22: Nothing happens.
Act 23: > go to desk 1
Obs 23: Nothing happens.
Act 24: > go to desk 1
Obs 24: Nothing happens.
Act 25: > go to desk 1
Obs 25: Nothing happens.
Act 26: > go to desk 1
Obs 26: Nothing happens.
Act 27: > go to desk 1
Obs 27: Nothing happens.
Act 28: > go to desk 1
Obs 28: Nothing happens.
Act 29: > go to desk 1
Obs 29: Nothing happens.
Act 30: > go to desk 1
Obs 30: Nothing happens.
