You are in the middle of a room. Looking quickly around you, you see a bed 1, a desk 2, a desk 1, a drawer 6, a drawer 5, a drawer 4, a drawer 3, a drawer 2, a drawer 1, a garbagecan 1, a laundryhamper 1, a safe 1, a shelf 6, a shelf 5, a shelf 4, a shelf 3, a shelf 2, and a shelf 1.
Your task is to: examine the alarmclock with the desklamp.
Act 1: think: To solve the task, I need to find an alarmclock and a desklamp. First, I need to find an alarmclock. An alarmclock is more likely to appear on a desk (1-2), shelf (1-6), drawer (1-6). I can check one by one, starting with desk 1.
Obs 1: OK.
Act 2: go to desk 1
Obs 2: On the desk 1, you see a bowl 1, a desklamp 1, a mug 1, and a pencil 1.
Act 3: think: I didn't find an alarmclock on desk 1. I should check the other locations. Next, I will check desk 2.
Obs 3: OK.
Act 4: go to desk 2
Obs 4: On the desk 2, you see a alarmclock 1.
Act 5: think: Now I found an alarmclock (1). Next, I need to find a desklamp. A desklamp is more likely to appear on a desk (1-2), shelf (1-6). I can check one by one, starting with desk 1.
Obs 5: OK.
Act 6: go to desk 1
Obs 6: On the desk 1, you see a bowl 1, a desklamp 1, a mug 1, and a pencil 1.
Act 7: go to desk 2
Obs 7: On the desk 2, you see a alarmclock 1.
Act 8: think: I found a desklamp (1) on desk 1. Now I need to use it with the alarmclock (1).
Obs 8: OK.
Act 9: use desklamp 1 with alarmclock 1
Obs 9: Nothing happens.
Act 10: think: It seems like using the desklamp with the alarmclock didn't work. Maybe I need to try a different approach. Let me think about this task again.
Obs 10: OK.
Act 11: think: To examine the alarmclock with the desklamp, I need to use the light from the desklamp to illuminate the alarmclock. I should position the desklamp in a way that shines light on the alarmclock. I can try moving the desklamp closer to the alarmclock on desk 2.
Obs 11: OK.
Act 12: move desklamp 1 closer to alarmclock 1
Obs 12: Nothing happens.
Act 13: think: It seems like simply moving the desklamp closer to the alarmclock didn't work. Maybe I need to adjust the angle of the desklamp to shine light directly on the alarmclock. Let me try that.
Obs 13: OK.
Act 14: adjust desklamp 1 to shine light on alarmclock 1
Obs 14: Nothing happens.
Act 15: think: It seems like adjusting the angle of the desklamp to shine light directly on the alarmclock didn't work either. Maybe I need to try a different approach. Let me think about this task again.
Obs 15: OK.
Act 16: think: To examine the alarmclock with the desklamp, I need to find a way to illuminate the alarmclock using the light from the desklamp. Maybe I can try turning off the lights in the room to see if the desklamp's light will stand out more. I should also make sure the desklamp is positioned correctly to shine light on the alarmclock. Let me try turning off the lights first.
Obs 16: OK.
Act 17: turn off lights
Obs 17: Nothing happens.
Act 18: think: It seems like turning off the lights didn't have any effect. Maybe I need to try a different approach. Let me think about this task again.
Obs 18: OK.
Act 19: think: To examine the alarmclock with the desklamp, I need to find a way to illuminate the alarmclock using the light from the desklamp. Since adjusting the angle and position of the desklamp didn't work, maybe I can try using a mirror to reflect the light onto the alarmclock. I should look for a mirror in the room. Mirrors are more likely to appear on a dresser, shelf, or drawer. I can start by checking the dresser 1.
Obs 19: OK.
Act 20: go to dresser 1
Obs 20: Nothing happens.
Act 21: go to shelf 1
Obs 21: On the shelf 1, you see a keychain 3, and a pen 3.
Act 22: go to shelf 2
Obs 22: On the shelf 2, you see nothing.
Act 23: go to shelf 3
Obs 23: On the shelf 3, you see a bowl 1, and a desklamp 1.
Act 24: think: I found a desklamp (1) on shelf 3. Now I need to find a mirror to reflect the light onto the alarmclock. I should check the other shelves and drawers for a mirror. Next, I will check shelf 4.
Obs 24: OK.
Act 25: go to shelf 4
Obs 25: On the shelf 4, you see nothing.
Act 26: go to shelf 5
Obs 26: On the shelf 5, you see nothing.
Act 27: go to shelf 6
Obs 27: On the shelf 6, you see nothing.
Act 28: It seems like there is no mirror in the room. Let me think about this task again.
Obs 28: Nothing happens.
Act 29: think: Since there is no mirror in the room, I need to find another way to illuminate the alarmclock with the desklamp. Maybe I can try adjusting the brightness of the desklamp to see if that helps. I should also make sure the desklamp is positioned correctly to shine light on the alarmclock. Let me try adjusting the brightness of the desklamp first.
Obs 29: OK.
Act 30: adjust brightness of desklamp 1
Obs 30: Nothing happens.
