You are in the middle of a room. Looking quickly around you, you see a armchair 1, a cabinet 4, a cabinet 3, a cabinet 2, a cabinet 1, a drawer 5, a drawer 4, a drawer 3, a drawer 2, a drawer 1, a dresser 1, a garbagecan 1, a safe 1, a shelf 12, a shelf 11, a shelf 10, a shelf 9, a shelf 8, a shelf 7, a shelf 6, a shelf 5, a shelf 4, a shelf 3, a shelf 2, a shelf 1, a sidetable 1, and a sofa 1.
Your task is to: put some watch on safe.
Act 1: think: To solve the task, I need to find and take a watch, then put it on the safe.
Obs 1: OK.
Act 2: think: First I need to find a watch. A watch is more likely to appear in a drawer (1-5), a shelf (1-12), a cabinet (1-4), a dresser (1), a sidetable (1). I can check one by one, starting with a drawer 1.
Obs 2: OK.
Act 3: go to drawer 1
Obs 3: The drawer 1 is closed.
Act 4: open drawer 1
Obs 4: You open the drawer 1. The drawer 1 is open. In it, you see nothing.
Act 5: go to drawer 2
Obs 5: The drawer 2 is closed.
Act 6: open drawer 2
Obs 6: You open the drawer 2. The drawer 2 is open. In it, you see nothing.
Act 7: go to drawer 3
Obs 7: The drawer 3 is closed.
Act 8: open drawer 3
Obs 8: You open the drawer 3. The drawer 3 is open. In it, you see nothing.
Act 9: go to drawer 4
Obs 9: The drawer 4 is closed.
Act 10: open drawer 4
Obs 10: You open the drawer 4. The drawer 4 is open. In it, you see nothing.
Act 11: go to drawer 5
Obs 11: The drawer 5 is closed.
Act 12: open drawer 5
Obs 12: You open the drawer 5. The drawer 5 is open. In it, you see a watch 1.
Act 13: take watch 1 from drawer 5
Obs 13: You pick up the watch 1 from the drawer 5.
Act 14: think: Now I have the watch (1). Next, I need to put it on the safe.
Obs 14: OK.
Act 15: go to safe 1
Obs 15: The safe 1 is closed.
Act 16: open safe 1
Obs 16: You open the safe 1. The safe 1 is open. In it, you see a vase 2.
Act 17: put watch 1 on safe 1
Obs 17: Nothing happens.
Act 18: think: The watch is not staying on the safe because there is already a vase inside. I need to take out the vase first before putting the watch in.
Obs 18: OK.
Act 19: take vase 2 from safe 1
Obs 19: Nothing happens.
Act 20: think: I can't take the vase from the safe because it's not allowed. I need to find another place to put the watch.
Obs 20: OK.
Act 21: go to sidetable 1
Obs 21: On the sidetable 1, you see a keychain 3, a keychain 2, and a keychain 1.
Act 22: put watch 1 on sidetable 1
Obs 22: Nothing happens.
Act 23: think: The sidetable is not a suitable place for the watch. I need to find another location.
Obs 23: OK.
Act 24: go to shelf 1
Obs 24: On the shelf 1, you see nothing.
Act 25: put watch 1 on shelf 1
Obs 25: Nothing happens.
Act 26: think: The shelf is not a suitable place for the watch either. I need to find a better location.
Obs 26: OK.
Act 27: go to cabinet 1
Obs 27: The cabinet 1 is closed.
Act 28: open cabinet 1
Obs 28: You open the cabinet 1. The cabinet 1 is open. In it, you see a tissuebox 1.
Act 29: put watch 1 in/on cabinet 1
Obs 29: Nothing happens.
Act 30: think: The watch doesn't belong in the cabinet. I need to find a more suitable place for it.
Obs 30: OK.
