You are in the middle of a room. Looking quickly around you, you see a bed 1, a desk 2, a desk 1, a drawer 6, a drawer 5, a drawer 4, a drawer 3, a drawer 2, a drawer 1, a garbagecan 1, a laundryhamper 1, a safe 1, a shelf 6, a shelf 5, a shelf 4, a shelf 3, a shelf 2, and a shelf 1.
Your task is to: look at bowl under the desklamp.
Act 1: think: To solve the task, I need to find a bowl and then look at it under the desklamp. First, I need to find a bowl. A bowl is more likely to appear in a drawer (1-6), shelf (1-6), desk (1-2), garbagecan (1), or laundryhamper (1). I can start by checking drawer 1.
Obs 1: OK.
Act 2: go to drawer 1
Obs 2: The drawer 1 is closed.
Act 3: open drawer 1
Obs 3: You open the drawer 1. The drawer 1 is open. In it, you see a cellphone 2.
Act 4: go to drawer 2
Obs 4: On the drawer 2, you see a keychain 1.
Act 5: go to drawer 3
Obs 5: Nothing happens.
Act 6: go to drawer 4
Obs 6: The drawer 4 is closed.
Act 7: open drawer 4
Obs 7: You open the drawer 4. The drawer 4 is open. In it, you see nothing.
Act 8: go to drawer 5
Obs 8: On the drawer 5, you see nothing.
Act 9: go to drawer 6
Obs 9: The drawer 6 is closed.
Act 10: open drawer 6
Obs 10: You open the drawer 6. The drawer 6 is open. In it, you see a book 2, and a pen 2.
Act 11: think: I haven't found a bowl yet. Let me check the shelves next. I'll start with shelf 1.
Obs 11: OK.
Act 12: go to shelf 1
Obs 12: On the shelf 1, you see a pencil 2.
Act 13: go to shelf 2
Obs 13: On the shelf 2, you see a pen 1.
Act 14: go to shelf 3
Obs 14: On the shelf 3, you see a desklamp 1, and a pencil 1.
Act 15: think: I found a desklamp on shelf 3. Now I need to find a bowl. I'll check the desks next. I'll start with desk 1.
Obs 15: OK.
Act 16: go to desk 1
Obs 16: On the desk 1, you see a alarmclock 1, a desklamp 1, a mug 1, and a pencil 1.
Act 17: think: I found a mug on desk 1, but I still need to find a bowl. I'll check desk 2 next.
Obs 17: OK.
Act 18: go to desk 2
Obs 18: On the desk 2, you see a bowl 2, a bowl 1, a cd 2, a cd 1, and a creditcard 3.
Act 19: take bowl 1 from desk 2
Obs 19: You pick up the bowl 1 from the desk 2.
Act 20: think: Now I have found the bowl (1). Next, I need to look at it under the desklamp. I'll go back to shelf 3 where the desklamp is located.
Obs 20: OK.
Act 21: go to shelf 3
Obs 21: On the shelf 3, you see a desklamp 1, and a pencil 1.
Act 22: look at bowl 1 under desklamp 1
Obs 22: Nothing happens.
Act 23: turn on desklamp 1
Obs 23: Nothing happens.
Act 24: look at bowl 1 under desklamp 1
Obs 24: Nothing happens.
Act 25: think: The desklamp needs to be turned on before I can look at the bowl under it. I'll try turning on the desklamp first.
Obs 25: OK.
Act 26: turn on desklamp 1
Obs 26: Nothing happens.
Act 27: look at bowl 1 under desklamp 1
Obs 27: Nothing happens.
Act 28: think: It seems like the desklamp is not working. I should try to find another source of light to look at the bowl. I'll check the other shelves to see if there's a lamp or light source I can use.
Obs 28: OK.
Act 29: go to shelf 4
Obs 29: On the shelf 4, you see a alarmclock 2, and a pencil 3.
Act 30: go to shelf 5
Obs 30: On the shelf 5, you see a creditcard 2.
