You are in the middle of a room. Looking quickly around you, you see a cabinet 6, a cabinet 5, a cabinet 4, a cabinet 3, a cabinet 2, a cabinet 1, a coffeemachine 1, a countertop 3, a countertop 2, a countertop 1, a drawer 3, a drawer 2, a drawer 1, a fridge 1, a garbagecan 1, a microwave 1, a shelf 3, a shelf 2, a shelf 1, a sinkbasin 1, a stoveburner 4, a stoveburner 3, a stoveburner 2, a stoveburner 1, and a toaster 1.
Your task is to: put a cool tomato in microwave.
Act 1: think: To solve the task, I need to find and take a tomato, then cool it with the fridge, and finally put it in the microwave.
Obs 1: OK.
Act 2: think: First, I need to find a tomato. A tomato is more likely to appear in countertop (1-3), cabinet (1-6), shelf (1-3), drawer (1-3). I can check one by one, starting with countertop 1.
Obs 2: OK.
Act 3: go to countertop 1
Obs 3: On the countertop 1, you see a dishsponge 1, and a mug 2.
Act 4: go to countertop 2
Obs 4: On the countertop 2, you see a butterknife 1, a cellphone 1, a creditcard 1, a knife 1, a lettuce 1, a saltshaker 2, a saltshaker 1, a statue 1, and a tomato 1.
Act 5: take tomato 1 from countertop 2
Obs 5: You pick up the tomato 1 from the countertop 2.
Act 6: think: Now I have the tomato (1). Next, I need to cool it with the fridge.
Obs 6: OK.
Act 7: go to fridge 1
Obs 7: The fridge 1 is closed.
Act 8: cool tomato 1 with fridge 1
Obs 8: You cool the tomato 1 using the fridge 1.
Act 9: think: Now I have cooled the tomato. Next, I need to put it in the microwave.
Obs 9: OK.
Act 10: go to microwave 1
Obs 10: The microwave 1 is closed.
Act 11: put tomato 1 in/on microwave 1
Obs 11: Nothing happens.
Act 12: open microwave 1
Obs 12: You open the microwave 1. The microwave 1 is open. In it, you see a egg 1.
Act 13: put tomato 1 in/on microwave 1
Obs 13: You put the tomato 1 in/on the microwave 1.
