You are in the middle of a room. Looking quickly around you, you see a armchair 1, a cabinet 4, a cabinet 3, a cabinet 2, a cabinet 1, a drawer 5, a drawer 4, a drawer 3, a drawer 2, a drawer 1, a dresser 1, a garbagecan 1, a safe 1, a shelf 12, a shelf 11, a shelf 10, a shelf 9, a shelf 8, a shelf 7, a shelf 6, a shelf 5, a shelf 4, a shelf 3, a shelf 2, a shelf 1, a sidetable 1, and a sofa 1.
Your task is to: put some watch on safe.
Act 1: think: To solve the task, I need to find and take a watch, then put it on the safe.
Obs 1: OK.
Act 2: think: First I need to find a watch. A watch is more likely to appear in a drawer (1-5), a shelf (1-12), a cabinet (1-4), a dresser (1), a sidetable (1). I can check one by one, starting with drawer 1.
Obs 2: OK.
Act 3: go to drawer 1
Obs 3: The drawer 1 is closed.
Act 4: open drawer 1
Obs 4: You open the drawer 1. The drawer 1 is open. In it, you see a watch 1.
Act 5: take watch 1 from drawer 1
Obs 5: You pick up the watch 1 from the drawer 1.
Act 6: think: Now I have taken the watch (1). Next, I need to put it on the safe.
Obs 6: OK.
Act 7: go to safe 1
Obs 7: The safe 1 is closed.
Act 8: open safe 1
Obs 8: You open the safe 1. The safe 1 is open. In it, you see a vase 3, and a vase 2.
Act 9: put watch 1 on safe 1
Obs 9: Nothing happens.
Act 10: think: It seems like the safe is already full. I need to find another place to put the watch. Let me try putting it on the sidetable.
Obs 10: OK.
Act 11: go to sidetable 1
Obs 11: On the sidetable 1, you see a tissuebox 1, and a vase 1.
Act 12: put watch 1 on sidetable 1
Obs 12: Nothing happens.
Act 13: think: It seems like the sidetable is also full. I need to find another place to put the watch. Let me try putting it on the dresser.
Obs 13: OK.
Act 14: go to dresser 1
Obs 14: On the dresser 1, you see a box 1, a cellphone 2, a cellphone 1, a keychain 1, a laptop 1, a newspaper 1, and a watch 3.
Act 15: put watch 1 on dresser 1
Obs 15: Nothing happens.
Act 16: think: It seems like the dresser is also full. I need to find another place to put the watch. Let me try putting it on the shelf.
Obs 16: OK.
Act 17: go to shelf 1
Obs 17: On the shelf 1, you see nothing.
Act 18: put watch 1 on shelf 1
Obs 18: Nothing happens.
Act 19: think: It seems like the shelf is also not the right place. Let me try putting the watch on the armchair.
Obs 19: OK.
Act 20: go to armchair 1
Obs 20: On the armchair 1, you see a box 3, a pillow 1, and a remotecontrol 1.
Act 21: put watch 1 on armchair 1
Obs 21: Nothing happens.
Act 22: think: It seems like the armchair is also not the right place. Let me try putting the watch on the sofa.
Obs 22: OK.
Act 23: go to sofa 1
Obs 23: On the sofa 1, you see a newspaper 2.
Act 24: put watch 1 on sofa 1
Obs 24: Nothing happens.
Act 25: think: It seems like the sofa is also not the right place. Let me try putting the watch on the cabinet.
Obs 25: OK.
Act 26: go to cabinet 1
Obs 26: The cabinet 1 is closed.
Act 27: open cabinet 1
Obs 27: You open the cabinet 1. The cabinet 1 is open. In it, you see a tissuebox 2.
Act 28: put watch 1 on cabinet 1
Obs 28: Nothing happens.
Act 29: think: It seems like the cabinet is also not the right place. Let me try putting the watch on the shelf.
Obs 29: OK.
Act 30: go to shelf 2
Obs 30: On the shelf 2, you see nothing.
