You are in the middle of a room. Looking quickly around you, you see a cabinet 6, a cabinet 5, a cabinet 4, a cabinet 3, a cabinet 2, a cabinet 1, a coffeemachine 1, a countertop 3, a countertop 2, a countertop 1, a drawer 3, a drawer 2, a drawer 1, a fridge 1, a garbagecan 1, a microwave 1, a shelf 3, a shelf 2, a shelf 1, a sinkbasin 1, a stoveburner 4, a stoveburner 3, a stoveburner 2, a stoveburner 1, and a toaster 1.
Your task is to: heat some potato and put it in garbagecan.
Act 1: think: To solve the task, I need to find and take a potato, then heat it with microwave, then put it in garbagecan.
Obs 1: OK.
Act 2: think: First I need to find a potato. A potato is more likely to appear in fridge (1), countertop (1-3), drawer (1-3), cabinet (1-6), garbagecan (1). I can check one by one, starting with fridge 1.
Obs 2: OK.
Act 3: go to fridge 1
Obs 3: The fridge 1 is closed.
Act 4: open fridge 1
Obs 4: You open the fridge 1. The fridge 1 is open. In it, you see a bowl 2, a bread 2, a egg 1, a mug 2, a plate 2, a tomato 2, and a tomato 1.
Act 5: go to countertop 1
Obs 5: On the countertop 1, you see a mug 3, a potato 1, a saltshaker 3, and a spatula 1.
Act 6: think: Now I find a potato (1). Next, I need to take it.
Obs 6: OK.
Act 7: take potato 1 from countertop 1
Obs 7: You pick up the potato 1 from the countertop 1.
Act 8: think: Now I take a potato (1). Next, I need to go to a microwave (1) and heat it.
Obs 8: OK.
Act 9: go to microwave 1
Obs 9: The microwave 1 is closed.
Act 10: heat potato 1 with microwave 1
Obs 10: You heat the potato 1 using the microwave 1.
Act 11: think: Now I heat a potato (1). Next, I need to put it in/on garbagecan 1.
Obs 11: OK.
Act 12: go to garbagecan 1
Obs 12: On the garbagecan 1, you see a apple 2, a dishsponge 2, and a egg 2.
Act 13: put potato 1 in/on garbagecan 1
Obs 13: You put the potato 1 in/on the garbagecan 1.
Result: Task Success!
