You are in the middle of a room. Looking quickly around you, you see a cabinet 6, a cabinet 5, a cabinet 4, a cabinet 3, a cabinet 2, a cabinet 1, a coffeemachine 1, a countertop 3, a countertop 2, a countertop 1, a drawer 3, a drawer 2, a drawer 1, a fridge 1, a garbagecan 1, a microwave 1, a shelf 3, a shelf 2, a shelf 1, a sinkbasin 1, a stoveburner 4, a stoveburner 3, a stoveburner 2, a stoveburner 1, and a toaster 1.
Your task is to: put a clean plate in countertop.
Act 1: think: To solve the task, I need to find and take a plate, then clean it with sinkbasin, then put it in countertop.
Obs 1: OK.
Act 2: think: First I need to find a plate. A plate is more likely to appear in countertop (1-3), drawer (1-3), cabinet (1-6), shelf (1-3). I can check one by one, starting with countertop 1.
Obs 2: OK.
Act 3: go to countertop 1
Obs 3: On the countertop 1, you see a apple 2, a dishsponge 2, a potato 3, and a potato 2.
Act 4: go to countertop 2
Obs 4: On the countertop 2, you see a bread 1, a cellphone 2, a cellphone 1, a papertowelroll 1, a plate 2, and a soapbottle 1.
Act 5: take plate 2 from countertop 2
Obs 5: You pick up the plate 2 from the countertop 2.
Act 6: think: Now I take a plate (2). Next, I need to go to sinkbasin (1) and clean it.
Obs 6: OK.
Act 7: go to sinkbasin 1
Obs 7: On the sinkbasin 1, you see nothing.
Act 8: think: I need to find a plate (2) to clean it. I can check countertop (1-3), drawer (1-3), cabinet (1-6), shelf (1-3).
Obs 8: OK.
Act 9: go to countertop 3
Obs 9: On the countertop 3, you see a bread 2, a butterknife 1, a cellphone 3, a creditcard 3, a fork 1, a glassbottle 1, a houseplant 1, a lettuce 2, a plate 3, a spatula 3, a spoon 1, and a statue 2.
Act 10: take plate 3 from countertop 3
Obs 10: Nothing happens.
Act 11: go to drawer 1
Obs 11: The drawer 1 is closed.
Act 12: open drawer 1
Obs 12: You open the drawer 1. The drawer 1 is open. In it, you see a creditcard 2, a knife 1, and a spatula 2.
Act 13: take plate 3 from drawer 1
Obs 13: Nothing happens.
Act 14: go to drawer 2
Obs 14: The drawer 2 is closed.
Act 15: open drawer 2
Obs 15: You open the drawer 2. The drawer 2 is open. In it, you see a spatula 1.
Act 16: take plate 3 from drawer 2
Obs 16: Nothing happens.
Act 17: go to drawer 3
Obs 17: The drawer 3 is closed.
Act 18: open drawer 3
Obs 18: You open the drawer 3. The drawer 3 is open. In it, you see a creditcard 1, a dishsponge 1, a peppershaker 1, and a saltshaker 1.
Act 19: take plate 3 from drawer 3
Obs 19: Nothing happens.
Act 20: go to cabinet 1
Obs 20: On the cabinet 1, you see a plate 1.
Act 21: take plate 1 from cabinet 1
Obs 21: Nothing happens.
Act 22: go to cabinet 2
Obs 22: The cabinet 2 is closed.
Act 23: open cabinet 2
Obs 23: You open the cabinet 2. The cabinet 2 is open. In it, you see nothing.
Act 24: go to cabinet 3
Obs 24: On the cabinet 3, you see a cup 1.
Act 25: take plate 1 from cabinet 3
Obs 25: Nothing happens.
Act 26: go to cabinet 4
Obs 26: On the cabinet 4, you see nothing.
Act 27: go to cabinet 5
Obs 27: The cabinet 5 is closed.
Act 28: open cabinet 5
Obs 28: You open the cabinet 5. The cabinet 5 is open. In it, you see nothing.
Act 29: go to cabinet 6
Obs 29: The cabinet 6 is closed.
Act 30: open cabinet 6
Obs 30: You open the cabinet 6. The cabinet 6 is open. In it, you see a bowl 2.
