You are in the middle of a room. Looking quickly around you, you see a bed 1, a desk 2, a desk 1, a drawer 6, a drawer 5, a drawer 4, a drawer 3, a drawer 2, a drawer 1, a garbagecan 1, a laundryhamper 1, a safe 1, a shelf 6, a shelf 5, a shelf 4, a shelf 3, a shelf 2, and a shelf 1.
Your task is to: look at bowl under the desklamp.
Act 1: think: To solve the task, I need to find and take a bowl, then find and use a desklamp. First, I need to find a bowl. A bowl is more likely to appear in drawer (1-6), desk (1-2), shelf (1-6), garbagecan (1), laundryhamper (1). I can check one by one, starting with drawer 1.
Obs 1: OK.
Act 2: go to drawer 1
Obs 2: The drawer 1 is closed.
Act 3: open drawer 1
Obs 3: You open the drawer 1. The drawer 1 is open. In it, you see a cellphone 2.
Act 4: go to drawer 2
Obs 4: On the drawer 2, you see a keychain 1.
Act 5: go to drawer 3
Obs 5: Nothing happens.
Act 6: go to drawer 4
Obs 6: The drawer 4 is closed.
Act 7: open drawer 4
Obs 7: You open the drawer 4. The drawer 4 is open. In it, you see nothing.
Act 8: go to drawer 5
Obs 8: On the drawer 5, you see nothing.
Act 9: go to drawer 6
Obs 9: The drawer 6 is closed.
Act 10: open drawer 6
Obs 10: You open the drawer 6. The drawer 6 is open. In it, you see a book 2, and a pen 2.
Act 11: think: Now I find a bowl. Next, I need to take it.
Obs 11: OK.
Act 12: take bowl 1 from drawer 6
Obs 12: Nothing happens.
Act 13: take bowl 1 from drawer 6
Obs 13: Nothing happens.
Act 14: take bowl 1 from drawer 6
Obs 14: Nothing happens.
Act 15: take bowl 1 from drawer 6
Obs 15: Nothing happens.
Act 16: take bowl 1 from drawer 6
Obs 16: Nothing happens.
Act 17: think: It seems like I can't take the bowl from drawer 6. I should try looking for a bowl in a different location. A bowl is more likely to be in desk (1-2), shelf (1-6), garbagecan (1), or laundryhamper (1). I will check the desk next.
Obs 17: OK.
Act 18: go to desk 1
Obs 18: On the desk 1, you see a alarmclock 1, a desklamp 1, a mug 1, and a pencil 1.
Act 19: go to desk 2
Obs 19: On the desk 2, you see a bowl 2, a bowl 1, a cd 2, a cd 1, and a creditcard 3.
Act 20: think: Now I find a bowl (1). Next, I need to take it.
Obs 20: OK.
Act 21: take bowl 1 from desk 2
Obs 21: You pick up the bowl 1 from the desk 2.
Act 22: think: Now I take a bowl (1). Next, I need to find a desklamp. A desklamp is more likely to appear in desk (1-2), shelf (1-6), garbagecan (1), laundryhamper (1). I can check one by one, starting with desk 1.
Obs 22: OK.
Act 23: go to desk 1
Obs 23: On the desk 1, you see a alarmclock 1, a desklamp 1, a mug 1, and a pencil 1.
Act 24: use desklamp 1
Obs 24: You turn on the desklamp 1.
Result: Task Success!
