You are in the middle of a room. Looking quickly around you, you see a cabinet 6, a cabinet 5, a cabinet 4, a cabinet 3, a cabinet 2, a cabinet 1, a coffeemachine 1, a countertop 3, a countertop 2, a countertop 1, a drawer 3, a drawer 2, a drawer 1, a fridge 1, a garbagecan 1, a microwave 1, a shelf 3, a shelf 2, a shelf 1, a sinkbasin 1, a stoveburner 4, a stoveburner 3, a stoveburner 2, a stoveburner 1, and a toaster 1.
Your task is to: put a clean plate in countertop.
Act 1: think: To solve the task, I need to find and take a plate, then clean it with sinkbasin, then put it in countertop.
Obs 1: OK.
Act 2: think: First I need to find a plate. A plate is more likely to appear in countertop (1-3), drawer (1-3), cabinet (1-6), shelf (1-3), fridge (1). I can check one by one, starting with countertop 1.
Obs 2: OK.
Act 3: go to countertop 1
Obs 3: On the countertop 1, you see a apple 2, a dishsponge 2, a potato 3, and a potato 2.
Act 4: go to countertop 2
Obs 4: On the countertop 2, you see a bread 1, a cellphone 2, a cellphone 1, a papertowelroll 1, a plate 2, and a soapbottle 1.
Act 5: take plate 2 from countertop 2
Obs 5: You pick up the plate 2 from the countertop 2.
Act 6: think: Now I take a plate (2). Next, I need to go to sinkbasin (1) and clean it.
Obs 6: OK.
Act 7: go to sinkbasin 1
Obs 7: On the sinkbasin 1, you see nothing.
Act 8: think: I need to find some soap to clean the plate. Soap is more likely to appear in countertop (1-3), drawer (1-3), cabinet (1-6), shelf (1-3), fridge (1). I can check one by one, starting with countertop 1.
Obs 8: OK.
Act 9: go to countertop 1
Obs 9: On the countertop 1, you see a apple 2, a dishsponge 2, a potato 3, and a potato 2.
Act 10: take soapbottle 1 from countertop 1
Obs 10: Nothing happens.
Act 11: think: I need to find soap to clean the plate. Soap is more likely to appear in countertop (1-3), drawer (1-3), cabinet (1-6), shelf (1-3), fridge (1). I can check one by one, starting with drawer 1.
Obs 11: OK.
Act 12: go to drawer 1
Obs 12: The drawer 1 is closed.
Act 13: open drawer 1
Obs 13: You open the drawer 1. The drawer 1 is open. In it, you see a creditcard 2, a knife 1, and a spatula 2.
Act 14: take soapbottle 1 from drawer 1
Obs 14: Nothing happens.
Act 15: think: I need to find soap to clean the plate. Soap is more likely to appear in countertop (1-3), drawer (1-3), cabinet (1-6), shelf (1-3), fridge (1). I can check one by one, starting with cabinet 1.
Obs 15: OK.
Act 16: go to cabinet 1
Obs 16: On the cabinet 1, you see a plate 1.
Act 17: take soapbottle 1 from cabinet 1
Obs 17: Nothing happens.
Act 18: think: I need to find soap to clean the plate. Soap is more likely to appear in countertop (1-3), drawer (1-3), cabinet (1-6), shelf (1-3), fridge (1). I can check one by one, starting with shelf 1.
Obs 18: OK.
Act 19: go to shelf 1
Obs 19: On the shelf 1, you see a statue 1.
Act 20: think: I need to find soap to clean the plate. Soap is more likely to appear in countertop (1-3), drawer (1-3), cabinet (1-6), shelf (1-3), fridge (1). I can check one by one, starting with fridge 1.
Obs 20: OK.
Act 21: go to fridge 1
Obs 21: The fridge 1 is closed.
Act 22: open fridge 1
Obs 22: You open the fridge 1. The fridge 1 is open. In it, you see a apple 1, a bowl 1, a egg 2, a egg 1, a lettuce 1, a mug 1, a tomato 2, and a tomato 1.
Act 23: take soapbottle 1 from fridge 1
Obs 23: Nothing happens.
Act 24: think: I need to find soap to clean the plate. Soap is more likely to appear in countertop (1-3), drawer (1-3), cabinet (1-6), shelf (1-3), fridge (1). I can check one by one, starting with countertop 2.
Obs 24: OK.
Act 25: go to countertop 2
Obs 25: On the countertop 2, you see a bread 1, a cellphone 2, a cellphone 1, a papertowelroll 1, and a soapbottle 1.
Act 26: take soapbottle 1 from countertop 2
Obs 26: Nothing happens.
Act 27: think: I need to find soap to clean the plate. Soap is more likely to appear in countertop (1-3), drawer (1-3), cabinet (1-6), shelf (1-3), fridge (1). I can check one by one, starting with countertop 3.
Obs 27: OK.
Act 28: go to countertop 3
Obs 28: On the countertop 3, you see a bread 2, a butterknife 1, a cellphone 3, a creditcard 3, a fork 1, a glassbottle 1, a houseplant 1, a lettuce 2, a plate 3, a spatula 3, a spoon 1, and a statue 2.
Act 29: take soapbottle 1 from countertop 3
Obs 29: Nothing happens.
Act 30: think: I need to find soap to clean the plate. Soap is more likely to appear in countertop (1-3), drawer (1-3), cabinet (1-6), shelf (1-3), fridge (1). I can check one by one, starting with drawer 2.
Obs 30: OK.
