You are in the middle of a room. Looking quickly around you, you see a armchair 1, a cabinet 4, a cabinet 3, a cabinet 2, a cabinet 1, a drawer 5, a drawer 4, a drawer 3, a drawer 2, a drawer 1, a dresser 1, a garbagecan 1, a safe 1, a shelf 12, a shelf 11, a shelf 10, a shelf 9, a shelf 8, a shelf 7, a shelf 6, a shelf 5, a shelf 4, a shelf 3, a shelf 2, a shelf 1, a sidetable 1, and a sofa 1.
Your task is to: put some watch on safe.
Act 1: think: To solve the task, I need to find and take a watch, then put it on the safe.
Obs 1: OK.
Act 2: think: First I need to find a watch. A watch is more likely to appear in a drawer (1-5), a dresser (1), a shelf (1-12), a sidetable (1), or a cabinet (1-4). I can start by checking the drawer 1.
Obs 2: OK.
Act 3: go to drawer 1
Obs 3: The drawer 1 is closed.
Act 4: open drawer 1
Obs 4: You open the drawer 1. The drawer 1 is open. In it, you see a watch 1.
Act 5: think: Now I found a watch (1). Next, I need to put it on the safe.
Obs 5: OK.
Act 6: go to safe 1
Obs 6: The safe 1 is closed.
Act 7: open safe 1
Obs 7: You open the safe 1. The safe 1 is open. In it, you see a vase 3, and a vase 2.
Act 8: put watch 1 in/on safe 1
Obs 8: Nothing happens.
Act 9: put watch 1 on safe 1
Obs 9: Nothing happens.
Act 10: put watch 1 on safe 1 top
Obs 10: Nothing happens.
Act 11: put watch 1 on top of safe 1
Obs 11: Nothing happens.
Act 12: put watch 1 on top of safe 1
Obs 12: Nothing happens.
Act 13: put watch 1 on the top of safe 1
Obs 13: Nothing happens.
Act 14: put watch 1 on the shelf above safe 1
Obs 14: Nothing happens.
Act 15: put watch 1 on the shelf next to safe 1
Obs 15: Nothing happens.
Act 16: put watch 1 on the shelf above safe 1
Obs 16: Nothing happens.
Act 17: put watch 1 on the top shelf of safe 1
Obs 17: Nothing happens.
Act 18: put watch 1 on top of the safe 1
Obs 18: Nothing happens.
Act 19: put watch 1 on top of the safe 1
Obs 19: Nothing happens.
Act 20: put watch 1 on top of the safe
Obs 20: Nothing happens.
Act 21: put watch 1 on top of the safe 1
Obs 21: Nothing happens.
Act 22: put watch 1 on top of the safe
Obs 22: Nothing happens.
Act 23: put watch 1 on top of the safe 1
Obs 23: Nothing happens.
Act 24: put watch 1 on top of the safe
Obs 24: Nothing happens.
Act 25: put watch 1 on top of the safe 1
Obs 25: Nothing happens.
Act 26: put watch 1 on top of the safe
Obs 26: Nothing happens.
Act 27: put watch 1 on the top of the safe 1
Obs 27: Nothing happens.
Act 28: put watch 1 on top of the safe
Obs 28: Nothing happens.
Act 29: put watch 1 on top of the safe 1
Obs 29: Nothing happens.
Act 30: put watch 1 on top of the safe
Obs 30: Nothing happens.
